<?xml version="1.0" encoding="UTF-8"?>
<coverage generated="1743588116441" clover="3.2.0">
  <project timestamp="1743588116441" name="All files">
    <metrics statements="762" coveredstatements="444" conditionals="281" coveredconditionals="130" methods="157" coveredmethods="92" elements="1200" coveredelements="666" complexity="0" loc="762" ncloc="762" packages="5" files="17" classes="17"/>
    <package name="src">
      <metrics statements="239" coveredstatements="146" conditionals="96" coveredconditionals="44" methods="41" coveredmethods="20"/>
      <file name="Jcrop.ts" path="/Users/ivan/code/rnd/Jcrop-ts/src/Jcrop.ts">
        <metrics statements="226" coveredstatements="134" conditionals="94" coveredconditionals="43" methods="39" coveredmethods="19"/>
        <line num="1" count="3" type="stmt"/>
        <line num="2" count="3" type="stmt"/>
        <line num="4" count="3" type="stmt"/>
        <line num="6" count="3" type="stmt"/>
        <line num="7" count="3" type="stmt"/>
        <line num="8" count="3" type="stmt"/>
        <line num="9" count="3" type="stmt"/>
        <line num="10" count="3" type="stmt"/>
        <line num="11" count="3" type="stmt"/>
        <line num="16" count="3" type="stmt"/>
        <line num="25" count="15" type="stmt"/>
        <line num="26" count="15" type="stmt"/>
        <line num="32" count="15" type="stmt"/>
        <line num="35" count="15" type="cond" truecount="1" falsecount="0"/>
        <line num="36" count="14" type="stmt"/>
        <line num="37" count="14" type="cond" truecount="0" falsecount="1"/>
        <line num="38" count="0" type="stmt"/>
        <line num="40" count="14" type="stmt"/>
        <line num="44" count="15" type="stmt"/>
        <line num="47" count="15" type="stmt"/>
        <line num="48" count="15" type="cond" truecount="1" falsecount="1"/>
        <line num="51" count="15" type="stmt"/>
        <line num="57" count="15" type="stmt"/>
        <line num="60" count="15" type="stmt"/>
        <line num="63" count="15" type="stmt"/>
        <line num="66" count="15" type="stmt"/>
        <line num="69" count="15" type="cond" truecount="1" falsecount="1"/>
        <line num="70" count="0" type="stmt"/>
        <line num="72" count="15" type="stmt"/>
        <line num="81" count="15" type="stmt"/>
        <line num="84" count="15" type="stmt"/>
        <line num="87" count="15" type="stmt"/>
        <line num="90" count="15" type="cond" truecount="0" falsecount="1"/>
        <line num="91" count="0" type="stmt"/>
        <line num="95" count="15" type="stmt"/>
        <line num="102" count="15" type="stmt"/>
        <line num="103" count="15" type="stmt"/>
        <line num="105" count="15" type="cond" truecount="1" falsecount="0"/>
        <line num="106" count="1" type="cond" truecount="2" falsecount="0"/>
        <line num="107" count="1" type="cond" truecount="2" falsecount="0"/>
        <line num="108" count="1" type="cond" truecount="2" falsecount="0"/>
        <line num="109" count="1" type="cond" truecount="2" falsecount="0"/>
        <line num="111" count="1" type="cond" truecount="2" falsecount="1"/>
        <line num="112" count="0" type="stmt"/>
        <line num="114" count="0" type="stmt"/>
        <line num="115" count="0" type="stmt"/>
        <line num="117" count="0" type="stmt"/>
        <line num="119" count="0" type="stmt"/>
        <line num="120" count="0" type="stmt"/>
        <line num="124" count="15" type="cond" truecount="0" falsecount="1"/>
        <line num="125" count="0" type="stmt"/>
        <line num="126" count="0" type="stmt"/>
        <line num="127" count="0" type="stmt"/>
        <line num="129" count="0" type="stmt"/>
        <line num="130" count="0" type="stmt"/>
        <line num="139" count="0" type="stmt"/>
        <line num="147" count="15" type="stmt"/>
        <line num="150" count="15" type="cond" truecount="1" falsecount="0"/>
        <line num="152" count="1" type="cond" truecount="1" falsecount="0"/>
        <line num="153" count="1" type="stmt"/>
        <line num="157" count="1" type="stmt"/>
        <line num="160" count="1" type="stmt"/>
        <line num="164" count="15" type="stmt"/>
        <line num="166" count="15" type="stmt"/>
        <line num="174" count="1" type="cond" truecount="1" falsecount="0"/>
        <line num="175" count="1" type="stmt"/>
        <line num="178" count="1" type="cond" truecount="1" falsecount="1"/>
        <line num="180" count="1" type="stmt"/>
        <line num="181" count="1" type="stmt"/>
        <line num="182" count="1" type="stmt"/>
        <line num="183" count="1" type="stmt"/>
        <line num="186" count="0" type="stmt"/>
        <line num="194" count="15" type="cond" truecount="0" falsecount="1"/>
        <line num="196" count="15" type="stmt"/>
        <line num="197" count="90" type="stmt"/>
        <line num="198" count="90" type="cond" truecount="1" falsecount="0"/>
        <line num="199" count="45" type="stmt"/>
        <line num="200" count="45" type="stmt"/>
        <line num="201" count="45" type="cond" truecount="1" falsecount="0"/>
        <line num="202" count="45" type="stmt"/>
        <line num="211" count="11" type="cond" truecount="0" falsecount="1"/>
        <line num="213" count="11" type="stmt"/>
        <line num="215" count="11" type="stmt"/>
        <line num="216" count="66" type="cond" truecount="1" falsecount="0"/>
        <line num="217" count="33" type="stmt"/>
        <line num="221" count="22" type="stmt"/>
        <line num="228" count="13" type="stmt"/>
        <line num="229" count="13" type="stmt"/>
        <line num="231" count="13" type="stmt"/>
        <line num="232" count="3" type="cond" truecount="1" falsecount="0"/>
        <line num="233" count="1" type="stmt"/>
        <line num="234" count="1" type="stmt"/>
        <line num="238" count="13" type="stmt"/>
        <line num="239" count="13" type="stmt"/>
        <line num="240" count="13" type="stmt"/>
        <line num="241" count="13" type="stmt"/>
        <line num="243" count="13" type="stmt"/>
        <line num="250" count="0" type="cond" truecount="0" falsecount="1"/>
        <line num="251" count="0" type="stmt"/>
        <line num="258" count="11" type="cond" truecount="1" falsecount="0"/>
        <line num="259" count="11" type="stmt"/>
        <line num="262" count="11" type="stmt"/>
        <line num="263" count="11" type="stmt"/>
        <line num="265" count="11" type="stmt"/>
        <line num="272" count="0" type="stmt"/>
        <line num="279" count="1" type="stmt"/>
        <line num="280" count="1" type="stmt"/>
        <line num="282" count="1" type="stmt"/>
        <line num="283" count="2" type="cond" truecount="2" falsecount="0"/>
        <line num="284" count="1" type="stmt"/>
        <line num="286" count="1" type="stmt"/>
        <line num="290" count="1" type="stmt"/>
        <line num="293" count="1" type="cond" truecount="3" falsecount="1"/>
        <line num="294" count="0" type="stmt"/>
        <line num="295" count="1" type="cond" truecount="0" falsecount="1"/>
        <line num="296" count="0" type="stmt"/>
        <line num="299" count="1" type="stmt"/>
        <line num="306" count="0" type="stmt"/>
        <line num="307" count="0" type="stmt"/>
        <line num="310" count="0" type="stmt"/>
        <line num="317" count="0" type="stmt"/>
        <line num="318" count="0" type="stmt"/>
        <line num="321" count="0" type="stmt"/>
        <line num="328" count="0" type="cond" truecount="0" falsecount="1"/>
        <line num="329" count="0" type="stmt"/>
        <line num="331" count="0" type="stmt"/>
        <line num="338" count="0" type="cond" truecount="0" falsecount="1"/>
        <line num="339" count="0" type="stmt"/>
        <line num="341" count="0" type="stmt"/>
        <line num="349" count="15" type="stmt"/>
        <line num="352" count="15" type="stmt"/>
        <line num="359" count="0" type="stmt"/>
        <line num="360" count="0" type="stmt"/>
        <line num="367" count="6" type="cond" truecount="0" falsecount="1"/>
        <line num="369" count="6" type="stmt"/>
        <line num="370" count="6" type="stmt"/>
        <line num="372" count="6" type="stmt"/>
        <line num="373" count="6" type="stmt"/>
        <line num="374" count="6" type="stmt"/>
        <line num="375" count="6" type="stmt"/>
        <line num="378" count="6" type="cond" truecount="2" falsecount="0"/>
        <line num="379" count="1" type="stmt"/>
        <line num="380" count="1" type="stmt"/>
        <line num="381" count="5" type="cond" truecount="1" falsecount="0"/>
        <line num="382" count="3" type="stmt"/>
        <line num="383" count="3" type="stmt"/>
        <line num="386" count="6" type="cond" truecount="2" falsecount="0"/>
        <line num="387" count="1" type="stmt"/>
        <line num="388" count="1" type="stmt"/>
        <line num="389" count="5" type="cond" truecount="1" falsecount="0"/>
        <line num="390" count="1" type="stmt"/>
        <line num="391" count="1" type="stmt"/>
        <line num="394" count="6" type="cond" truecount="1" falsecount="1"/>
        <line num="395" count="0" type="stmt"/>
        <line num="396" count="0" type="stmt"/>
        <line num="397" count="0" type="stmt"/>
        <line num="399" count="6" type="stmt"/>
        <line num="400" count="6" type="stmt"/>
        <line num="401" count="6" type="stmt"/>
        <line num="409" count="0" type="stmt"/>
        <line num="410" count="0" type="stmt"/>
        <line num="418" count="0" type="stmt"/>
        <line num="419" count="0" type="stmt"/>
        <line num="427" count="3" type="cond" truecount="1" falsecount="1"/>
        <line num="428" count="3" type="cond" truecount="1" falsecount="1"/>
        <line num="430" count="3" type="stmt"/>
        <line num="444" count="46" type="cond" truecount="1" falsecount="1"/>
        <line num="445" count="46" type="cond" truecount="1" falsecount="1"/>
        <line num="447" count="46" type="stmt"/>
        <line num="461" count="2" type="cond" truecount="1" falsecount="3"/>
        <line num="462" count="0" type="stmt"/>
        <line num="470" count="0" type="cond" truecount="0" falsecount="1"/>
        <line num="471" count="0" type="stmt"/>
        <line num="472" count="0" type="cond" truecount="0" falsecount="3"/>
        <line num="473" count="0" type="stmt"/>
        <line num="482" count="0" type="cond" truecount="0" falsecount="1"/>
        <line num="483" count="0" type="stmt"/>
        <line num="485" count="0" type="stmt"/>
        <line num="492" count="2" type="cond" truecount="3" falsecount="0"/>
        <line num="493" count="2" type="stmt"/>
        <line num="495" count="2" type="stmt"/>
        <line num="503" count="0" type="cond" truecount="0" falsecount="1"/>
        <line num="505" count="0" type="stmt"/>
        <line num="506" count="0" type="cond" truecount="0" falsecount="1"/>
        <line num="509" count="0" type="cond" truecount="0" falsecount="3"/>
        <line num="512" count="0" type="stmt"/>
        <line num="513" count="0" type="cond" truecount="0" falsecount="2"/>
        <line num="515" count="0" type="cond" truecount="0" falsecount="1"/>
        <line num="516" count="0" type="cond" truecount="0" falsecount="2"/>
        <line num="519" count="0" type="cond" truecount="0" falsecount="1"/>
        <line num="522" count="0" type="cond" truecount="0" falsecount="2"/>
        <line num="525" count="0" type="cond" truecount="0" falsecount="2"/>
        <line num="526" count="0" type="stmt"/>
        <line num="528" count="0" type="stmt"/>
        <line num="534" count="0" type="stmt"/>
        <line num="536" count="0" type="stmt"/>
        <line num="543" count="14" type="stmt"/>
        <line num="553" count="0" type="stmt"/>
        <line num="554" count="0" type="stmt"/>
        <line num="555" count="0" type="stmt"/>
        <line num="562" count="0" type="stmt"/>
        <line num="563" count="0" type="cond" truecount="0" falsecount="1"/>
        <line num="565" count="0" type="stmt"/>
        <line num="566" count="0" type="stmt"/>
        <line num="568" count="0" type="stmt"/>
        <line num="569" count="0" type="stmt"/>
        <line num="570" count="0" type="stmt"/>
        <line num="572" count="0" type="stmt"/>
        <line num="573" count="0" type="stmt"/>
        <line num="575" count="0" type="cond" truecount="0" falsecount="2"/>
        <line num="576" count="0" type="stmt"/>
        <line num="578" count="0" type="stmt"/>
        <line num="583" count="0" type="cond" truecount="0" falsecount="1"/>
        <line num="584" count="0" type="stmt"/>
        <line num="588" count="0" type="stmt"/>
        <line num="595" count="0" type="cond" truecount="0" falsecount="1"/>
        <line num="596" count="0" type="stmt"/>
        <line num="604" count="0" type="stmt"/>
        <line num="605" count="0" type="stmt"/>
        <line num="607" count="0" type="cond" truecount="0" falsecount="1"/>
        <line num="608" count="0" type="stmt"/>
        <line num="609" count="0" type="stmt"/>
        <line num="612" count="0" type="stmt"/>
        <line num="619" count="2" type="cond" truecount="0" falsecount="1"/>
        <line num="620" count="0" type="stmt"/>
        <line num="623" count="2" type="stmt"/>
      </file>
      <file name="defaults.ts" path="/Users/ivan/code/rnd/Jcrop-ts/src/defaults.ts">
        <metrics statements="1" coveredstatements="1" conditionals="0" coveredconditionals="0" methods="0" coveredmethods="0"/>
        <line num="6" count="3" type="stmt"/>
      </file>
      <file name="index.ts" path="/Users/ivan/code/rnd/Jcrop-ts/src/index.ts">
        <metrics statements="12" coveredstatements="11" conditionals="2" coveredconditionals="1" methods="2" coveredmethods="1"/>
        <line num="9" count="3" type="stmt"/>
        <line num="10" count="3" type="stmt"/>
        <line num="11" count="3" type="stmt"/>
        <line num="14" count="3" type="stmt"/>
        <line num="15" count="3" type="stmt"/>
        <line num="16" count="3" type="stmt"/>
        <line num="20" count="14" type="stmt"/>
        <line num="24" count="3" type="cond" truecount="0" falsecount="1"/>
        <line num="25" count="0" type="stmt"/>
        <line num="29" count="3" type="stmt"/>
        <line num="32" count="3" type="stmt"/>
        <line num="35" count="3" type="stmt"/>
      </file>
    </package>
    <package name="src.components">
      <metrics statements="380" coveredstatements="184" conditionals="126" coveredconditionals="49" methods="71" coveredmethods="38"/>
      <file name="Animator.ts" path="/Users/ivan/code/rnd/Jcrop-ts/src/components/Animator.ts">
        <metrics statements="24" coveredstatements="1" conditionals="7" coveredconditionals="0" methods="3" coveredmethods="0"/>
        <line num="4" count="3" type="stmt"/>
        <line num="12" count="0" type="stmt"/>
        <line num="13" count="0" type="stmt"/>
        <line num="20" count="0" type="cond" truecount="0" falsecount="1"/>
        <line num="22" count="0" type="stmt"/>
        <line num="31" count="0" type="cond" truecount="0" falsecount="1"/>
        <line num="32" count="0" type="stmt"/>
        <line num="34" count="0" type="stmt"/>
        <line num="38" count="0" type="stmt"/>
        <line num="41" count="0" type="cond" truecount="0" falsecount="2"/>
        <line num="42" count="0" type="stmt"/>
        <line num="45" count="0" type="stmt"/>
        <line num="47" count="0" type="stmt"/>
        <line num="48" count="0" type="stmt"/>
        <line num="51" count="0" type="stmt"/>
        <line num="52" count="0" type="stmt"/>
        <line num="53" count="0" type="stmt"/>
        <line num="54" count="0" type="stmt"/>
        <line num="57" count="0" type="stmt"/>
        <line num="67" count="0" type="cond" truecount="0" falsecount="2"/>
        <line num="68" count="0" type="stmt"/>
        <line num="69" count="0" type="cond" truecount="0" falsecount="1"/>
        <line num="70" count="0" type="stmt"/>
        <line num="75" count="0" type="stmt"/>
      </file>
      <file name="DragState.ts" path="/Users/ivan/code/rnd/Jcrop-ts/src/components/DragState.ts">
        <metrics statements="79" coveredstatements="1" conditionals="17" coveredconditionals="0" methods="7" coveredmethods="0"/>
        <line num="6" count="3" type="stmt"/>
        <line num="12" count="0" type="stmt"/>
        <line num="13" count="0" type="stmt"/>
        <line num="14" count="0" type="stmt"/>
        <line num="15" count="0" type="stmt"/>
        <line num="24" count="0" type="stmt"/>
        <line num="25" count="0" type="stmt"/>
        <line num="27" count="0" type="stmt"/>
        <line num="28" count="0" type="stmt"/>
        <line num="30" count="0" type="stmt"/>
        <line num="31" count="0" type="stmt"/>
        <line num="32" count="0" type="stmt"/>
        <line num="33" count="0" type="stmt"/>
        <line num="35" count="0" type="stmt"/>
        <line num="36" count="0" type="stmt"/>
        <line num="39" count="0" type="stmt"/>
        <line num="40" count="0" type="stmt"/>
        <line num="41" count="0" type="stmt"/>
        <line num="42" count="0" type="stmt"/>
        <line num="51" count="0" type="cond" truecount="0" falsecount="2"/>
        <line num="53" count="0" type="cond" truecount="0" falsecount="2"/>
        <line num="54" count="0" type="stmt"/>
        <line num="55" count="0" type="stmt"/>
        <line num="58" count="0" type="stmt"/>
        <line num="62" count="0" type="stmt"/>
        <line num="63" count="0" type="stmt"/>
        <line num="67" count="0" type="stmt"/>
        <line num="68" count="0" type="cond" truecount="0" falsecount="2"/>
        <line num="69" count="0" type="cond" truecount="0" falsecount="2"/>
        <line num="71" count="0" type="stmt"/>
        <line num="81" count="0" type="stmt"/>
        <line num="82" count="0" type="stmt"/>
        <line num="84" count="0" type="stmt"/>
        <line num="85" count="0" type="stmt"/>
        <line num="86" count="0" type="stmt"/>
        <line num="89" count="0" type="stmt"/>
        <line num="97" count="0" type="stmt"/>
        <line num="98" count="0" type="stmt"/>
        <line num="99" count="0" type="stmt"/>
        <line num="107" count="0" type="stmt"/>
        <line num="108" count="0" type="stmt"/>
        <line num="109" count="0" type="stmt"/>
        <line num="112" count="0" type="stmt"/>
        <line num="115" count="0" type="cond" truecount="0" falsecount="9"/>
        <line num="117" count="0" type="stmt"/>
        <line num="118" count="0" type="stmt"/>
        <line num="119" count="0" type="stmt"/>
        <line num="120" count="0" type="stmt"/>
        <line num="121" count="0" type="stmt"/>
        <line num="124" count="0" type="stmt"/>
        <line num="125" count="0" type="stmt"/>
        <line num="126" count="0" type="stmt"/>
        <line num="129" count="0" type="stmt"/>
        <line num="130" count="0" type="stmt"/>
        <line num="133" count="0" type="stmt"/>
        <line num="134" count="0" type="stmt"/>
        <line num="137" count="0" type="stmt"/>
        <line num="138" count="0" type="stmt"/>
        <line num="139" count="0" type="stmt"/>
        <line num="142" count="0" type="stmt"/>
        <line num="143" count="0" type="stmt"/>
        <line num="144" count="0" type="stmt"/>
        <line num="145" count="0" type="stmt"/>
        <line num="146" count="0" type="stmt"/>
        <line num="149" count="0" type="stmt"/>
        <line num="150" count="0" type="stmt"/>
        <line num="151" count="0" type="stmt"/>
        <line num="152" count="0" type="stmt"/>
        <line num="155" count="0" type="stmt"/>
        <line num="156" count="0" type="stmt"/>
        <line num="157" count="0" type="stmt"/>
        <line num="158" count="0" type="stmt"/>
        <line num="161" count="0" type="stmt"/>
        <line num="162" count="0" type="stmt"/>
        <line num="163" count="0" type="stmt"/>
        <line num="167" count="0" type="stmt"/>
        <line num="168" count="0" type="stmt"/>
        <line num="171" count="0" type="stmt"/>
        <line num="177" count="0" type="stmt"/>
      </file>
      <file name="ImageLoader.ts" path="/Users/ivan/code/rnd/Jcrop-ts/src/components/ImageLoader.ts">
        <metrics statements="11" coveredstatements="1" conditionals="2" coveredconditionals="0" methods="4" coveredmethods="0"/>
        <line num="4" count="3" type="stmt"/>
        <line num="9" count="0" type="stmt"/>
        <line num="11" count="0" type="stmt"/>
        <line num="12" count="0" type="stmt"/>
        <line num="13" count="0" type="stmt"/>
        <line num="14" count="0" type="stmt"/>
        <line num="17" count="0" type="stmt"/>
        <line num="24" count="0" type="cond" truecount="0" falsecount="2"/>
        <line num="26" count="0" type="stmt"/>
        <line num="29" count="0" type="stmt"/>
        <line num="30" count="0" type="stmt"/>
      </file>
      <file name="KeyWatcher.ts" path="/Users/ivan/code/rnd/Jcrop-ts/src/components/KeyWatcher.ts">
        <metrics statements="43" coveredstatements="40" conditionals="21" coveredconditionals="17" methods="6" coveredmethods="6"/>
        <line num="5" count="3" type="stmt"/>
        <line num="7" count="3" type="stmt"/>
        <line num="9" count="15" type="stmt"/>
        <line num="17" count="15" type="stmt"/>
        <line num="18" count="15" type="stmt"/>
        <line num="19" count="15" type="stmt"/>
        <line num="22" count="15" type="stmt"/>
        <line num="25" count="15" type="stmt"/>
        <line num="32" count="16" type="cond" truecount="0" falsecount="1"/>
        <line num="34" count="16" type="stmt"/>
        <line num="35" count="16" type="stmt"/>
        <line num="42" count="2" type="cond" truecount="0" falsecount="1"/>
        <line num="44" count="2" type="stmt"/>
        <line num="45" count="2" type="stmt"/>
        <line num="53" count="15" type="cond" truecount="3" falsecount="0"/>
        <line num="56" count="8" type="cond" truecount="1" falsecount="0"/>
        <line num="57" count="6" type="stmt"/>
        <line num="59" count="6" type="cond" truecount="2" falsecount="0"/>
        <line num="61" count="6" type="cond" truecount="4" falsecount="0"/>
        <line num="63" count="1" type="stmt"/>
        <line num="64" count="1" type="stmt"/>
        <line num="66" count="1" type="stmt"/>
        <line num="67" count="1" type="stmt"/>
        <line num="69" count="1" type="stmt"/>
        <line num="70" count="1" type="stmt"/>
        <line num="72" count="3" type="stmt"/>
        <line num="73" count="3" type="stmt"/>
        <line num="76" count="6" type="stmt"/>
        <line num="80" count="8" type="cond" truecount="4" falsecount="0"/>
        <line num="82" count="2" type="stmt"/>
        <line num="83" count="2" type="stmt"/>
        <line num="84" count="2" type="stmt"/>
        <line num="88" count="8" type="cond" truecount="0" falsecount="1"/>
        <line num="89" count="0" type="stmt"/>
        <line num="90" count="0" type="stmt"/>
        <line num="91" count="0" type="stmt"/>
        <line num="99" count="3" type="stmt"/>
        <line num="102" count="3" type="cond" truecount="0" falsecount="1"/>
        <line num="105" count="3" type="stmt"/>
        <line num="106" count="3" type="cond" truecount="3" falsecount="0"/>
        <line num="107" count="2" type="stmt"/>
        <line num="111" count="1" type="stmt"/>
        <line num="118" count="1" type="stmt"/>
      </file>
      <file name="Selection.ts" path="/Users/ivan/code/rnd/Jcrop-ts/src/components/Selection.ts">
        <metrics statements="166" coveredstatements="110" conditionals="64" coveredconditionals="28" methods="37" coveredmethods="26"/>
        <line num="1" count="3" type="stmt"/>
        <line num="2" count="3" type="stmt"/>
        <line num="4" count="3" type="stmt"/>
        <line num="5" count="3" type="stmt"/>
        <line num="10" count="3" type="stmt"/>
        <line num="32" count="3" type="stmt"/>
        <line num="36" count="11" type="stmt"/>
        <line num="55" count="11" type="stmt"/>
        <line num="58" count="11" type="stmt"/>
        <line num="65" count="11" type="stmt"/>
        <line num="66" count="11" type="stmt"/>
        <line num="67" count="11" type="stmt"/>
        <line num="68" count="11" type="stmt"/>
        <line num="69" count="11" type="stmt"/>
        <line num="72" count="11" type="cond" truecount="1" falsecount="1"/>
        <line num="74" count="0" type="stmt"/>
        <line num="77" count="11" type="stmt"/>
        <line num="93" count="11" type="stmt"/>
        <line num="96" count="11" type="stmt"/>
        <line num="99" count="11" type="stmt"/>
        <line num="102" count="11" type="stmt"/>
        <line num="105" count="11" type="stmt"/>
        <line num="108" count="11" type="stmt"/>
        <line num="115" count="11" type="stmt"/>
        <line num="116" count="11" type="stmt"/>
        <line num="119" count="11" type="stmt"/>
        <line num="122" count="11" type="stmt"/>
        <line num="123" count="1" type="stmt"/>
        <line num="125" count="1" type="cond" truecount="1" falsecount="1"/>
        <line num="126" count="0" type="stmt"/>
        <line num="128" count="1" type="stmt"/>
        <line num="131" count="1" type="stmt"/>
        <line num="134" count="11" type="stmt"/>
        <line num="135" count="1" type="stmt"/>
        <line num="137" count="1" type="cond" truecount="1" falsecount="1"/>
        <line num="138" count="0" type="stmt"/>
        <line num="140" count="1" type="stmt"/>
        <line num="148" count="3" type="stmt"/>
        <line num="158" count="11" type="stmt"/>
        <line num="159" count="88" type="cond" truecount="1" falsecount="0"/>
        <line num="160" count="56" type="stmt"/>
        <line num="164" count="11" type="stmt"/>
        <line num="165" count="11" type="stmt"/>
        <line num="172" count="24" type="stmt"/>
        <line num="173" count="24" type="stmt"/>
        <line num="174" count="24" type="stmt"/>
        <line num="175" count="24" type="stmt"/>
        <line num="176" count="24" type="stmt"/>
        <line num="183" count="37" type="stmt"/>
        <line num="184" count="111" type="cond" truecount="1" falsecount="0"/>
        <line num="185" count="37" type="stmt"/>
        <line num="188" count="37" type="stmt"/>
        <line num="195" count="0" type="stmt"/>
        <line num="197" count="0" type="cond" truecount="0" falsecount="1"/>
        <line num="198" count="0" type="stmt"/>
        <line num="199" count="0" type="stmt"/>
        <line num="201" count="0" type="cond" truecount="0" falsecount="1"/>
        <line num="202" count="0" type="stmt"/>
        <line num="210" count="0" type="stmt"/>
        <line num="217" count="0" type="stmt"/>
        <line num="224" count="0" type="stmt"/>
        <line num="225" count="0" type="cond" truecount="0" falsecount="1"/>
        <line num="228" count="0" type="stmt"/>
        <line num="235" count="0" type="stmt"/>
        <line num="237" count="0" type="stmt"/>
        <line num="238" count="0" type="cond" truecount="0" falsecount="5"/>
        <line num="239" count="0" type="cond" truecount="0" falsecount="1"/>
        <line num="241" count="0" type="stmt"/>
        <line num="245" count="0" type="stmt"/>
        <line num="252" count="33" type="stmt"/>
        <line num="254" count="33" type="stmt"/>
        <line num="255" count="99" type="stmt"/>
        <line num="258" count="33" type="stmt"/>
        <line num="265" count="0" type="cond" truecount="0" falsecount="1"/>
        <line num="266" count="0" type="stmt"/>
        <line num="267" count="0" type="stmt"/>
        <line num="268" count="0" type="stmt"/>
        <line num="269" count="0" type="stmt"/>
        <line num="271" count="0" type="stmt"/>
        <line num="272" count="0" type="stmt"/>
        <line num="280" count="0" type="cond" truecount="0" falsecount="1"/>
        <line num="281" count="0" type="stmt"/>
        <line num="282" count="0" type="cond" truecount="0" falsecount="2"/>
        <line num="285" count="0" type="stmt"/>
        <line num="288" count="0" type="cond" truecount="0" falsecount="3"/>
        <line num="290" count="0" type="stmt"/>
        <line num="294" count="0" type="stmt"/>
        <line num="295" count="0" type="stmt"/>
        <line num="302" count="24" type="cond" truecount="1" falsecount="0"/>
        <line num="304" count="24" type="cond" truecount="2" falsecount="0"/>
        <line num="306" count="24" type="stmt"/>
        <line num="313" count="24" type="cond" truecount="1" falsecount="0"/>
        <line num="315" count="24" type="cond" truecount="1" falsecount="1"/>
        <line num="317" count="24" type="cond" truecount="3" falsecount="1"/>
        <line num="318" count="24" type="stmt"/>
        <line num="320" count="0" type="stmt"/>
        <line num="323" count="24" type="stmt"/>
        <line num="330" count="24" type="cond" truecount="1" falsecount="0"/>
        <line num="332" count="24" type="cond" truecount="1" falsecount="1"/>
        <line num="334" count="24" type="cond" truecount="3" falsecount="1"/>
        <line num="335" count="24" type="stmt"/>
        <line num="337" count="0" type="stmt"/>
        <line num="340" count="24" type="stmt"/>
        <line num="347" count="1" type="cond" truecount="1" falsecount="1"/>
        <line num="348" count="0" type="stmt"/>
        <line num="350" count="1" type="stmt"/>
        <line num="352" count="1" type="stmt"/>
        <line num="359" count="1" type="stmt"/>
        <line num="360" count="1" type="stmt"/>
        <line num="361" count="1" type="stmt"/>
        <line num="368" count="13" type="stmt"/>
        <line num="369" count="13" type="stmt"/>
        <line num="370" count="13" type="stmt"/>
        <line num="371" count="13" type="stmt"/>
        <line num="378" count="33" type="stmt"/>
        <line num="379" count="33" type="stmt"/>
        <line num="380" count="33" type="stmt"/>
        <line num="381" count="33" type="stmt"/>
        <line num="388" count="2" type="stmt"/>
        <line num="395" count="33" type="stmt"/>
        <line num="396" count="33" type="stmt"/>
        <line num="398" count="33" type="cond" truecount="1" falsecount="1"/>
        <line num="399" count="0" type="stmt"/>
        <line num="401" count="33" type="stmt"/>
        <line num="408" count="33" type="stmt"/>
        <line num="415" count="0" type="stmt"/>
        <line num="416" count="0" type="stmt"/>
        <line num="425" count="0" type="stmt"/>
        <line num="432" count="0" type="stmt"/>
        <line num="433" count="0" type="stmt"/>
        <line num="434" count="0" type="stmt"/>
        <line num="435" count="0" type="stmt"/>
        <line num="437" count="0" type="stmt"/>
        <line num="444" count="0" type="cond" truecount="0" falsecount="2"/>
        <line num="445" count="0" type="stmt"/>
        <line num="447" count="0" type="stmt"/>
        <line num="450" count="0" type="stmt"/>
        <line num="457" count="176" type="stmt"/>
        <line num="462" count="176" type="stmt"/>
        <line num="469" count="33" type="stmt"/>
        <line num="479" count="1" type="stmt"/>
        <line num="480" count="1" type="stmt"/>
        <line num="487" count="1" type="stmt"/>
        <line num="488" count="1" type="stmt"/>
        <line num="489" count="1" type="stmt"/>
        <line num="496" count="34" type="stmt"/>
        <line num="506" count="69" type="stmt"/>
        <line num="507" count="69" type="stmt"/>
        <line num="508" count="69" type="stmt"/>
        <line num="510" count="69" type="stmt"/>
        <line num="519" count="69" type="stmt"/>
        <line num="526" count="0" type="cond" truecount="0" falsecount="1"/>
        <line num="527" count="0" type="stmt"/>
        <line num="530" count="0" type="stmt"/>
        <line num="539" count="0" type="stmt"/>
        <line num="540" count="0" type="stmt"/>
        <line num="547" count="11" type="stmt"/>
        <line num="550" count="11" type="cond" truecount="1" falsecount="0"/>
        <line num="551" count="11" type="stmt"/>
        <line num="552" count="44" type="stmt"/>
        <line num="559" count="11" type="cond" truecount="1" falsecount="0"/>
        <line num="560" count="11" type="stmt"/>
        <line num="561" count="88" type="stmt"/>
        <line num="568" count="11" type="cond" truecount="1" falsecount="0"/>
        <line num="569" count="11" type="stmt"/>
        <line num="570" count="44" type="stmt"/>
      </file>
      <file name="StageManager.ts" path="/Users/ivan/code/rnd/Jcrop-ts/src/components/StageManager.ts">
        <metrics statements="38" coveredstatements="30" conditionals="9" coveredconditionals="4" methods="9" coveredmethods="6"/>
        <line num="1" count="3" type="stmt"/>
        <line num="6" count="3" type="stmt"/>
        <line num="8" count="15" type="stmt"/>
        <line num="9" count="15" type="stmt"/>
        <line num="10" count="15" type="stmt"/>
        <line num="16" count="15" type="stmt"/>
        <line num="17" count="15" type="stmt"/>
        <line num="24" count="15" type="stmt"/>
        <line num="25" count="15" type="stmt"/>
        <line num="32" count="15" type="cond" truecount="1" falsecount="1"/>
        <line num="35" count="15" type="stmt"/>
        <line num="43" count="15" type="stmt"/>
        <line num="44" count="60" type="stmt"/>
        <line num="47" count="15" type="stmt"/>
        <line num="50" count="15" type="cond" truecount="1" falsecount="1"/>
        <line num="51" count="15" type="cond" truecount="1" falsecount="1"/>
        <line num="53" count="15" type="stmt"/>
        <line num="54" count="60" type="stmt"/>
        <line num="67" count="70" type="cond" truecount="0" falsecount="1"/>
        <line num="69" count="70" type="stmt"/>
        <line num="70" count="70" type="stmt"/>
        <line num="73" count="70" type="stmt"/>
        <line num="81" count="70" type="stmt"/>
        <line num="89" count="70" type="stmt"/>
        <line num="97" count="70" type="stmt"/>
        <line num="109" count="37" type="cond" truecount="1" falsecount="0"/>
        <line num="112" count="10" type="stmt"/>
        <line num="113" count="40" type="stmt"/>
        <line num="116" count="10" type="stmt"/>
        <line num="123" count="0" type="cond" truecount="0" falsecount="1"/>
        <line num="126" count="0" type="stmt"/>
        <line num="127" count="0" type="stmt"/>
        <line num="130" count="0" type="stmt"/>
        <line num="137" count="0" type="stmt"/>
        <line num="138" count="0" type="stmt"/>
        <line num="145" count="0" type="stmt"/>
        <line num="146" count="0" type="stmt"/>
        <line num="153" count="70" type="stmt"/>
      </file>
      <file name="Touch.ts" path="/Users/ivan/code/rnd/Jcrop-ts/src/components/Touch.ts">
        <metrics statements="19" coveredstatements="1" conditionals="6" coveredconditionals="0" methods="5" coveredmethods="0"/>
        <line num="4" count="3" type="stmt"/>
        <line num="11" count="0" type="stmt"/>
        <line num="12" count="0" type="stmt"/>
        <line num="20" count="0" type="stmt"/>
        <line num="23" count="0" type="stmt"/>
        <line num="24" count="0" type="stmt"/>
        <line num="28" count="0" type="stmt"/>
        <line num="29" count="0" type="stmt"/>
        <line num="30" count="0" type="stmt"/>
        <line num="34" count="0" type="stmt"/>
        <line num="42" count="0" type="cond" truecount="0" falsecount="3"/>
        <line num="46" count="0" type="cond" truecount="0" falsecount="1"/>
        <line num="48" count="0" type="stmt"/>
        <line num="49" count="0" type="stmt"/>
        <line num="52" count="0" type="stmt"/>
        <line num="53" count="0" type="stmt"/>
        <line num="56" count="0" type="stmt"/>
        <line num="59" count="0" type="stmt"/>
        <line num="60" count="0" type="stmt"/>
      </file>
    </package>
    <package name="src.filters">
      <metrics statements="57" coveredstatements="54" conditionals="29" coveredconditionals="22" methods="12" coveredmethods="12"/>
      <file name="ConstrainFilter.ts" path="/Users/ivan/code/rnd/Jcrop-ts/src/filters/ConstrainFilter.ts">
        <metrics statements="15" coveredstatements="15" conditionals="4" coveredconditionals="0" methods="3" coveredmethods="3"/>
        <line num="2" count="3" type="stmt"/>
        <line num="7" count="3" type="stmt"/>
        <line num="8" count="15" type="stmt"/>
        <line num="10" count="15" type="stmt"/>
        <line num="23" count="33" type="stmt"/>
        <line num="24" count="33" type="stmt"/>
        <line num="27" count="33" type="stmt"/>
        <line num="30" count="33" type="cond" truecount="0" falsecount="1"/>
        <line num="31" count="33" type="cond" truecount="0" falsecount="1"/>
        <line num="32" count="33" type="cond" truecount="0" falsecount="1"/>
        <line num="33" count="33" type="cond" truecount="0" falsecount="1"/>
        <line num="36" count="33" type="stmt"/>
        <line num="37" count="33" type="stmt"/>
        <line num="39" count="33" type="stmt"/>
        <line num="44" count="3" type="stmt"/>
      </file>
      <file name="RatioFilter.ts" path="/Users/ivan/code/rnd/Jcrop-ts/src/filters/RatioFilter.ts">
        <metrics statements="26" coveredstatements="23" conditionals="19" coveredconditionals="16" methods="3" coveredmethods="3"/>
        <line num="2" count="4" type="stmt"/>
        <line num="7" count="4" type="stmt"/>
        <line num="8" count="18" type="stmt"/>
        <line num="10" count="18" type="stmt"/>
        <line num="24" count="36" type="cond" truecount="1" falsecount="0"/>
        <line num="27" count="5" type="stmt"/>
        <line num="30" count="5" type="stmt"/>
        <line num="33" count="5" type="stmt"/>
        <line num="34" count="5" type="stmt"/>
        <line num="37" count="5" type="cond" truecount="4" falsecount="0"/>
        <line num="39" count="1" type="stmt"/>
        <line num="40" count="4" type="cond" truecount="4" falsecount="0"/>
        <line num="42" count="1" type="stmt"/>
        <line num="45" count="3" type="cond" truecount="1" falsecount="1"/>
        <line num="47" count="0" type="stmt"/>
        <line num="50" count="3" type="stmt"/>
        <line num="57" count="5" type="cond" truecount="3" falsecount="1"/>
        <line num="59" count="0" type="stmt"/>
        <line num="62" count="5" type="cond" truecount="3" falsecount="1"/>
        <line num="64" count="0" type="stmt"/>
        <line num="68" count="5" type="stmt"/>
        <line num="69" count="5" type="stmt"/>
        <line num="70" count="5" type="stmt"/>
        <line num="71" count="5" type="stmt"/>
        <line num="73" count="5" type="stmt"/>
        <line num="78" count="4" type="stmt"/>
      </file>
      <file name="ShadeFilter.ts" path="/Users/ivan/code/rnd/Jcrop-ts/src/filters/ShadeFilter.ts">
        <metrics statements="11" coveredstatements="11" conditionals="4" coveredconditionals="4" methods="4" coveredmethods="4"/>
        <line num="2" count="3" type="stmt"/>
        <line num="7" count="3" type="stmt"/>
        <line num="8" count="15" type="stmt"/>
        <line num="10" count="15" type="stmt"/>
        <line num="24" count="33" type="cond" truecount="1" falsecount="0"/>
        <line num="25" count="33" type="stmt"/>
        <line num="28" count="33" type="stmt"/>
        <line num="35" count="37" type="cond" truecount="3" falsecount="0"/>
        <line num="37" count="37" type="stmt"/>
        <line num="40" count="37" type="stmt"/>
        <line num="46" count="3" type="stmt"/>
      </file>
      <file name="registry.ts" path="/Users/ivan/code/rnd/Jcrop-ts/src/filters/registry.ts">
        <metrics statements="5" coveredstatements="5" conditionals="2" coveredconditionals="2" methods="2" coveredmethods="2"/>
        <line num="4" count="4" type="stmt"/>
        <line num="9" count="4" type="stmt"/>
        <line num="10" count="10" type="stmt"/>
        <line num="16" count="4" type="stmt"/>
        <line num="17" count="90" type="cond" truecount="2" falsecount="0"/>
      </file>
    </package>
    <package name="src.lib">
      <metrics statements="63" coveredstatements="46" conditionals="24" coveredconditionals="14" methods="25" coveredmethods="19"/>
      <file name="DomUtil.ts" path="/Users/ivan/code/rnd/Jcrop-ts/src/lib/DomUtil.ts">
        <metrics statements="46" coveredstatements="29" conditionals="19" coveredconditionals="10" methods="20" coveredmethods="14"/>
        <line num="4" count="4" type="stmt"/>
        <line num="13" count="259" type="stmt"/>
        <line num="15" count="259" type="stmt"/>
        <line num="16" count="458" type="cond" truecount="2" falsecount="0"/>
        <line num="17" count="259" type="stmt"/>
        <line num="19" count="199" type="stmt"/>
        <line num="23" count="259" type="cond" truecount="1" falsecount="0"/>
        <line num="24" count="1" type="stmt"/>
        <line num="27" count="259" type="stmt"/>
        <line num="34" count="30" type="stmt"/>
        <line num="41" count="52" type="stmt"/>
        <line num="48" count="0" type="stmt"/>
        <line num="55" count="2" type="stmt"/>
        <line num="62" count="0" type="stmt"/>
        <line num="63" count="0" type="cond" truecount="0" falsecount="2"/>
        <line num="64" count="0" type="stmt"/>
        <line num="66" count="0" type="stmt"/>
        <line num="76" count="449" type="cond" truecount="4" falsecount="0"/>
        <line num="78" count="1" type="stmt"/>
        <line num="79" count="448" type="cond" truecount="1" falsecount="0"/>
        <line num="81" count="448" type="stmt"/>
        <line num="82" count="1536" type="stmt"/>
        <line num="91" count="1" type="stmt"/>
        <line num="98" count="1" type="stmt"/>
        <line num="105" count="1" type="stmt"/>
        <line num="106" count="1" type="stmt"/>
        <line num="118" count="0" type="cond" truecount="0" falsecount="2"/>
        <line num="120" count="0" type="stmt"/>
        <line num="123" count="0" type="stmt"/>
        <line num="124" count="0" type="cond" truecount="0" falsecount="1"/>
        <line num="126" count="0" type="stmt"/>
        <line num="127" count="0" type="cond" truecount="0" falsecount="1"/>
        <line num="129" count="0" type="stmt"/>
        <line num="130" count="0" type="cond" truecount="0" falsecount="1"/>
        <line num="131" count="0" type="stmt"/>
        <line num="145" count="0" type="stmt"/>
        <line num="152" count="1" type="cond" truecount="1" falsecount="0"/>
        <line num="153" count="1" type="stmt"/>
        <line num="155" count="1" type="stmt"/>
        <line num="156" count="1" type="stmt"/>
        <line num="163" count="1" type="cond" truecount="0" falsecount="1"/>
        <line num="164" count="0" type="stmt"/>
        <line num="172" count="1" type="stmt"/>
        <line num="179" count="3" type="cond" truecount="1" falsecount="0"/>
        <line num="180" count="2" type="stmt"/>
        <line num="188" count="0" type="stmt"/>
      </file>
      <file name="EventEmitter.ts" path="/Users/ivan/code/rnd/Jcrop-ts/src/lib/EventEmitter.ts">
        <metrics statements="17" coveredstatements="17" conditionals="5" coveredconditionals="4" methods="5" coveredmethods="5"/>
        <line num="4" count="4" type="stmt"/>
        <line num="5" count="48" type="stmt"/>
        <line num="11" count="12" type="cond" truecount="1" falsecount="0"/>
        <line num="12" count="8" type="stmt"/>
        <line num="14" count="12" type="stmt"/>
        <line num="15" count="12" type="stmt"/>
        <line num="22" count="3" type="cond" truecount="0" falsecount="1"/>
        <line num="24" count="3" type="cond" truecount="2" falsecount="0"/>
        <line num="25" count="1" type="stmt"/>
        <line num="27" count="2" type="stmt"/>
        <line num="29" count="3" type="stmt"/>
        <line num="36" count="47" type="cond" truecount="1" falsecount="0"/>
        <line num="38" count="6" type="stmt"/>
        <line num="39" count="8" type="stmt"/>
        <line num="40" count="8" type="stmt"/>
        <line num="42" count="1" type="stmt"/>
        <line num="45" count="6" type="stmt"/>
      </file>
    </package>
    <package name="tests">
      <metrics statements="23" coveredstatements="14" conditionals="6" coveredconditionals="1" methods="8" coveredmethods="3"/>
      <file name="mock-helpers.ts" path="/Users/ivan/code/rnd/Jcrop-ts/tests/mock-helpers.ts">
        <metrics statements="23" coveredstatements="14" conditionals="6" coveredconditionals="1" methods="8" coveredmethods="3"/>
        <line num="8" count="3" type="stmt"/>
        <line num="10" count="15" type="stmt"/>
        <line num="11" count="0" type="stmt"/>
        <line num="25" count="15" type="stmt"/>
        <line num="26" count="15" type="stmt"/>
        <line num="29" count="15" type="stmt"/>
        <line num="30" count="15" type="stmt"/>
        <line num="31" count="15" type="stmt"/>
        <line num="32" count="15" type="stmt"/>
        <line num="38" count="3" type="stmt"/>
        <line num="39" count="15" type="stmt"/>
        <line num="49" count="3" type="cond" truecount="0" falsecount="1"/>
        <line num="50" count="0" type="stmt"/>
        <line num="56" count="0" type="stmt"/>
        <line num="62" count="3" type="cond" truecount="0" falsecount="2"/>
        <line num="63" count="0" type="stmt"/>
        <line num="65" count="0" type="stmt"/>
        <line num="66" count="0" type="cond" truecount="0" falsecount="2"/>
        <line num="67" count="0" type="stmt"/>
        <line num="69" count="0" type="stmt"/>
        <line num="73" count="0" type="stmt"/>
        <line num="79" count="3" type="cond" truecount="1" falsecount="0"/>
        <line num="80" count="6" type="stmt"/>
      </file>
    </package>
  </project>
</coverage>
