{"/Users/ivan/code/rnd/Jcrop-ts/src/Jcrop.ts": {"path":"/Users/ivan/code/rnd/Jcrop-ts/src/Jcrop.ts","statementMap":{"0":{"start":{"line":1,"column":0},"end":{"line":1,"column":50}},"1":{"start":{"line":2,"column":0},"end":{"line":2,"column":40}},"2":{"start":{"line":4,"column":0},"end":{"line":4,"column":51}},"3":{"start":{"line":6,"column":0},"end":{"line":6,"column":57}},"4":{"start":{"line":7,"column":0},"end":{"line":7,"column":55}},"5":{"start":{"line":8,"column":0},"end":{"line":8,"column":43}},"6":{"start":{"line":9,"column":0},"end":{"line":9,"column":53}},"7":{"start":{"line":10,"column":0},"end":{"line":10,"column":74}},"8":{"start":{"line":11,"column":0},"end":{"line":11,"column":45}},"9":{"start":{"line":32,"column":4},"end":{"line":32,"column":12}},"10":{"start":{"line":25,"column":9},"end":{"line":25,"column":40}},"11":{"start":{"line":26,"column":9},"end":{"line":26,"column":42}},"12":{"start":{"line":35,"column":4},"end":{"line":41,"column":5}},"13":{"start":{"line":36,"column":17},"end":{"line":36,"column":48}},"14":{"start":{"line":37,"column":6},"end":{"line":39,"column":7}},"15":{"start":{"line":38,"column":8},"end":{"line":38,"column":57}},"16":{"start":{"line":40,"column":6},"end":{"line":40,"column":34}},"17":{"start":{"line":44,"column":4},"end":{"line":44,"column":54}},"18":{"start":{"line":47,"column":4},"end":{"line":47,"column":29}},"19":{"start":{"line":48,"column":4},"end":{"line":48,"column":82}},"20":{"start":{"line":51,"column":4},"end":{"line":54,"column":6}},"21":{"start":{"line":57,"column":4},"end":{"line":57,"column":16}},"22":{"start":{"line":60,"column":4},"end":{"line":60,"column":29}},"23":{"start":{"line":63,"column":4},"end":{"line":63,"column":32}},"24":{"start":{"line":66,"column":4},"end":{"line":66,"column":32}},"25":{"start":{"line":69,"column":4},"end":{"line":73,"column":5}},"26":{"start":{"line":70,"column":6},"end":{"line":70,"column":59}},"27":{"start":{"line":72,"column":6},"end":{"line":72,"column":82}},"28":{"start":{"line":81,"column":4},"end":{"line":81,"column":45}},"29":{"start":{"line":84,"column":4},"end":{"line":84,"column":44}},"30":{"start":{"line":87,"column":4},"end":{"line":87,"column":24}},"31":{"start":{"line":90,"column":4},"end":{"line":92,"column":5}},"32":{"start":{"line":91,"column":6},"end":{"line":91,"column":22}},"33":{"start":{"line":95,"column":4},"end":{"line":95,"column":22}},"34":{"start":{"line":102,"column":17},"end":{"line":102,"column":29}},"35":{"start":{"line":103,"column":16},"end":{"line":103,"column":27}},"36":{"start":{"line":105,"column":4},"end":{"line":122,"column":5}},"37":{"start":{"line":106,"column":17},"end":{"line":106,"column":46}},"38":{"start":{"line":107,"column":17},"end":{"line":107,"column":48}},"39":{"start":{"line":108,"column":17},"end":{"line":108,"column":36}},"40":{"start":{"line":109,"column":17},"end":{"line":109,"column":37}},"41":{"start":{"line":111,"column":6},"end":{"line":121,"column":7}},"42":{"start":{"line":112,"column":19},"end":{"line":112,"column":53}},"43":{"start":{"line":114,"column":8},"end":{"line":114,"column":26}},"44":{"start":{"line":115,"column":8},"end":{"line":115,"column":27}},"45":{"start":{"line":117,"column":8},"end":{"line":117,"column":43}},"46":{"start":{"line":119,"column":8},"end":{"line":119,"column":41}},"47":{"start":{"line":120,"column":8},"end":{"line":120,"column":41}},"48":{"start":{"line":124,"column":4},"end":{"line":131,"column":5}},"49":{"start":{"line":125,"column":17},"end":{"line":125,"column":33}},"50":{"start":{"line":126,"column":17},"end":{"line":126,"column":33}},"51":{"start":{"line":127,"column":17},"end":{"line":127,"column":40}},"52":{"start":{"line":129,"column":6},"end":{"line":129,"column":39}},"53":{"start":{"line":130,"column":6},"end":{"line":130,"column":39}},"54":{"start":{"line":139,"column":4},"end":{"line":139,"column":21}},"55":{"start":{"line":147,"column":4},"end":{"line":147,"column":51}},"56":{"start":{"line":150,"column":4},"end":{"line":161,"column":5}},"57":{"start":{"line":152,"column":6},"end":{"line":154,"column":7}},"58":{"start":{"line":153,"column":8},"end":{"line":153,"column":28}},"59":{"start":{"line":157,"column":6},"end":{"line":157,"column":45}},"60":{"start":{"line":160,"column":6},"end":{"line":160,"column":36}},"61":{"start":{"line":164,"column":4},"end":{"line":164,"column":30}},"62":{"start":{"line":166,"column":4},"end":{"line":166,"column":16}},"63":{"start":{"line":174,"column":4},"end":{"line":176,"column":5}},"64":{"start":{"line":175,"column":6},"end":{"line":175,"column":33}},"65":{"start":{"line":178,"column":4},"end":{"line":187,"column":5}},"66":{"start":{"line":180,"column":18},"end":{"line":180,"column":37}},"67":{"start":{"line":181,"column":6},"end":{"line":181,"column":42}},"68":{"start":{"line":182,"column":6},"end":{"line":182,"column":37}},"69":{"start":{"line":183,"column":6},"end":{"line":183,"column":29}},"70":{"start":{"line":186,"column":6},"end":{"line":186,"column":37}},"71":{"start":{"line":194,"column":4},"end":{"line":194,"column":43}},"72":{"start":{"line":194,"column":36},"end":{"line":194,"column":43}},"73":{"start":{"line":196,"column":4},"end":{"line":204,"column":5}},"74":{"start":{"line":197,"column":26},"end":{"line":197,"column":58}},"75":{"start":{"line":198,"column":6},"end":{"line":203,"column":7}},"76":{"start":{"line":199,"column":23},"end":{"line":199,"column":40}},"77":{"start":{"line":200,"column":8},"end":{"line":200,"column":27}},"78":{"start":{"line":201,"column":8},"end":{"line":201,"column":39}},"79":{"start":{"line":201,"column":25},"end":{"line":201,"column":39}},"80":{"start":{"line":202,"column":8},"end":{"line":202,"column":41}},"81":{"start":{"line":211,"column":4},"end":{"line":211,"column":46}},"82":{"start":{"line":211,"column":36},"end":{"line":211,"column":46}},"83":{"start":{"line":213,"column":20},"end":{"line":213,"column":22}},"84":{"start":{"line":215,"column":4},"end":{"line":219,"column":5}},"85":{"start":{"line":216,"column":6},"end":{"line":218,"column":7}},"86":{"start":{"line":217,"column":8},"end":{"line":217,"column":46}},"87":{"start":{"line":221,"column":4},"end":{"line":221,"column":59}},"88":{"start":{"line":221,"column":34},"end":{"line":221,"column":57}},"89":{"start":{"line":228,"column":14},"end":{"line":228,"column":27}},"90":{"start":{"line":229,"column":27},"end":{"line":229,"column":29}},"91":{"start":{"line":231,"column":4},"end":{"line":236,"column":5}},"92":{"start":{"line":231,"column":17},"end":{"line":231,"column":18}},"93":{"start":{"line":232,"column":6},"end":{"line":235,"column":7}},"94":{"start":{"line":233,"column":8},"end":{"line":233,"column":21}},"95":{"start":{"line":234,"column":8},"end":{"line":234,"column":22}},"96":{"start":{"line":238,"column":4},"end":{"line":238,"column":25}},"97":{"start":{"line":239,"column":4},"end":{"line":239,"column":22}},"98":{"start":{"line":240,"column":4},"end":{"line":240,"column":34}},"99":{"start":{"line":241,"column":4},"end":{"line":241,"column":24}},"100":{"start":{"line":243,"column":4},"end":{"line":243,"column":21}},"101":{"start":{"line":250,"column":4},"end":{"line":250,"column":76}},"102":{"start":{"line":250,"column":28},"end":{"line":250,"column":76}},"103":{"start":{"line":251,"column":4},"end":{"line":251,"column":35}},"104":{"start":{"line":258,"column":4},"end":{"line":260,"column":5}},"105":{"start":{"line":259,"column":6},"end":{"line":259,"column":34}},"106":{"start":{"line":262,"column":4},"end":{"line":262,"column":25}},"107":{"start":{"line":263,"column":4},"end":{"line":263,"column":33}},"108":{"start":{"line":265,"column":4},"end":{"line":265,"column":21}},"109":{"start":{"line":272,"column":4},"end":{"line":272,"column":45}},"110":{"start":{"line":279,"column":14},"end":{"line":279,"column":27}},"111":{"start":{"line":280,"column":27},"end":{"line":280,"column":29}},"112":{"start":{"line":282,"column":4},"end":{"line":288,"column":5}},"113":{"start":{"line":282,"column":17},"end":{"line":282,"column":18}},"114":{"start":{"line":283,"column":6},"end":{"line":287,"column":7}},"115":{"start":{"line":284,"column":8},"end":{"line":284,"column":21}},"116":{"start":{"line":286,"column":8},"end":{"line":286,"column":22}},"117":{"start":{"line":290,"column":4},"end":{"line":290,"column":22}},"118":{"start":{"line":293,"column":4},"end":{"line":297,"column":5}},"119":{"start":{"line":294,"column":6},"end":{"line":294,"column":31}},"120":{"start":{"line":295,"column":11},"end":{"line":297,"column":5}},"121":{"start":{"line":296,"column":6},"end":{"line":296,"column":31}},"122":{"start":{"line":299,"column":4},"end":{"line":299,"column":13}},"123":{"start":{"line":306,"column":4},"end":{"line":308,"column":5}},"124":{"start":{"line":306,"column":17},"end":{"line":306,"column":18}},"125":{"start":{"line":307,"column":6},"end":{"line":307,"column":41}},"126":{"start":{"line":310,"column":4},"end":{"line":310,"column":16}},"127":{"start":{"line":317,"column":4},"end":{"line":319,"column":5}},"128":{"start":{"line":317,"column":17},"end":{"line":317,"column":18}},"129":{"start":{"line":318,"column":6},"end":{"line":318,"column":44}},"130":{"start":{"line":321,"column":4},"end":{"line":321,"column":16}},"131":{"start":{"line":328,"column":4},"end":{"line":330,"column":5}},"132":{"start":{"line":329,"column":6},"end":{"line":329,"column":31}},"133":{"start":{"line":331,"column":4},"end":{"line":331,"column":16}},"134":{"start":{"line":338,"column":4},"end":{"line":340,"column":5}},"135":{"start":{"line":339,"column":6},"end":{"line":339,"column":32}},"136":{"start":{"line":341,"column":4},"end":{"line":341,"column":16}},"137":{"start":{"line":349,"column":4},"end":{"line":349,"column":76}},"138":{"start":{"line":349,"column":56},"end":{"line":349,"column":74}},"139":{"start":{"line":352,"column":4},"end":{"line":352,"column":76}},"140":{"start":{"line":359,"column":15},"end":{"line":359,"column":38}},"141":{"start":{"line":360,"column":4},"end":{"line":360,"column":41}},"142":{"start":{"line":367,"column":4},"end":{"line":367,"column":35}},"143":{"start":{"line":367,"column":28},"end":{"line":367,"column":35}},"144":{"start":{"line":369,"column":14},"end":{"line":369,"column":31}},"145":{"start":{"line":370,"column":14},"end":{"line":370,"column":21}},"146":{"start":{"line":372,"column":4},"end":{"line":372,"column":13}},"147":{"start":{"line":373,"column":4},"end":{"line":373,"column":14}},"148":{"start":{"line":374,"column":4},"end":{"line":374,"column":13}},"149":{"start":{"line":375,"column":4},"end":{"line":375,"column":14}},"150":{"start":{"line":378,"column":4},"end":{"line":384,"column":5}},"151":{"start":{"line":379,"column":6},"end":{"line":379,"column":17}},"152":{"start":{"line":380,"column":6},"end":{"line":380,"column":14}},"153":{"start":{"line":381,"column":11},"end":{"line":384,"column":5}},"154":{"start":{"line":382,"column":6},"end":{"line":382,"column":40}},"155":{"start":{"line":383,"column":6},"end":{"line":383,"column":23}},"156":{"start":{"line":386,"column":4},"end":{"line":392,"column":5}},"157":{"start":{"line":387,"column":6},"end":{"line":387,"column":17}},"158":{"start":{"line":388,"column":6},"end":{"line":388,"column":14}},"159":{"start":{"line":389,"column":11},"end":{"line":392,"column":5}},"160":{"start":{"line":390,"column":6},"end":{"line":390,"column":40}},"161":{"start":{"line":391,"column":6},"end":{"line":391,"column":23}},"162":{"start":{"line":394,"column":4},"end":{"line":402,"column":5}},"163":{"start":{"line":395,"column":6},"end":{"line":395,"column":71}},"164":{"start":{"line":396,"column":6},"end":{"line":396,"column":29}},"165":{"start":{"line":397,"column":6},"end":{"line":397,"column":69}},"166":{"start":{"line":399,"column":6},"end":{"line":399,"column":94}},"167":{"start":{"line":400,"column":6},"end":{"line":400,"column":29}},"168":{"start":{"line":401,"column":6},"end":{"line":401,"column":92}},"169":{"start":{"line":409,"column":4},"end":{"line":411,"column":5}},"170":{"start":{"line":409,"column":17},"end":{"line":409,"column":18}},"171":{"start":{"line":410,"column":6},"end":{"line":410,"column":33}},"172":{"start":{"line":418,"column":4},"end":{"line":420,"column":5}},"173":{"start":{"line":419,"column":6},"end":{"line":419,"column":25}},"174":{"start":{"line":427,"column":15},"end":{"line":427,"column":39}},"175":{"start":{"line":428,"column":15},"end":{"line":428,"column":39}},"176":{"start":{"line":430,"column":4},"end":{"line":437,"column":6}},"177":{"start":{"line":444,"column":15},"end":{"line":444,"column":39}},"178":{"start":{"line":445,"column":15},"end":{"line":445,"column":39}},"179":{"start":{"line":447,"column":4},"end":{"line":454,"column":6}},"180":{"start":{"line":461,"column":4},"end":{"line":463,"column":5}},"181":{"start":{"line":462,"column":6},"end":{"line":462,"column":29}},"182":{"start":{"line":470,"column":4},"end":{"line":475,"column":5}},"183":{"start":{"line":471,"column":6},"end":{"line":471,"column":46}},"184":{"start":{"line":472,"column":6},"end":{"line":474,"column":7}},"185":{"start":{"line":473,"column":8},"end":{"line":473,"column":36}},"186":{"start":{"line":482,"column":4},"end":{"line":484,"column":5}},"187":{"start":{"line":483,"column":6},"end":{"line":483,"column":39}},"188":{"start":{"line":485,"column":4},"end":{"line":485,"column":16}},"189":{"start":{"line":492,"column":4},"end":{"line":494,"column":5}},"190":{"start":{"line":493,"column":6},"end":{"line":493,"column":56}},"191":{"start":{"line":495,"column":4},"end":{"line":495,"column":16}},"192":{"start":{"line":503,"column":4},"end":{"line":503,"column":31}},"193":{"start":{"line":503,"column":24},"end":{"line":503,"column":31}},"194":{"start":{"line":505,"column":19},"end":{"line":505,"column":42}},"195":{"start":{"line":506,"column":4},"end":{"line":506,"column":24}},"196":{"start":{"line":506,"column":17},"end":{"line":506,"column":24}},"197":{"start":{"line":509,"column":4},"end":{"line":509,"column":81}},"198":{"start":{"line":509,"column":74},"end":{"line":509,"column":81}},"199":{"start":{"line":512,"column":38},"end":{"line":512,"column":42}},"200":{"start":{"line":513,"column":24},"end":{"line":513,"column":92}},"201":{"start":{"line":515,"column":4},"end":{"line":517,"column":5}},"202":{"start":{"line":516,"column":6},"end":{"line":516,"column":77}},"203":{"start":{"line":516,"column":42},"end":{"line":516,"column":67}},"204":{"start":{"line":519,"column":4},"end":{"line":519,"column":27}},"205":{"start":{"line":519,"column":20},"end":{"line":519,"column":27}},"206":{"start":{"line":522,"column":22},"end":{"line":522,"column":63}},"207":{"start":{"line":525,"column":4},"end":{"line":531,"column":5}},"208":{"start":{"line":526,"column":6},"end":{"line":526,"column":98}},"209":{"start":{"line":528,"column":6},"end":{"line":530,"column":8}},"210":{"start":{"line":534,"column":4},"end":{"line":534,"column":38}},"211":{"start":{"line":536,"column":4},"end":{"line":536,"column":23}},"212":{"start":{"line":543,"column":4},"end":{"line":546,"column":6}},"213":{"start":{"line":553,"column":4},"end":{"line":553,"column":42}},"214":{"start":{"line":554,"column":4},"end":{"line":554,"column":43}},"215":{"start":{"line":555,"column":4},"end":{"line":555,"column":19}},"216":{"start":{"line":562,"column":17},"end":{"line":562,"column":36}},"217":{"start":{"line":563,"column":4},"end":{"line":563,"column":28}},"218":{"start":{"line":563,"column":15},"end":{"line":563,"column":28}},"219":{"start":{"line":565,"column":4},"end":{"line":586,"column":7}},"220":{"start":{"line":566,"column":6},"end":{"line":566,"column":33}},"221":{"start":{"line":568,"column":6},"end":{"line":568,"column":21}},"222":{"start":{"line":569,"column":6},"end":{"line":569,"column":21}},"223":{"start":{"line":570,"column":6},"end":{"line":570,"column":22}},"224":{"start":{"line":572,"column":6},"end":{"line":572,"column":34}},"225":{"start":{"line":573,"column":6},"end":{"line":573,"column":21}},"226":{"start":{"line":575,"column":6},"end":{"line":581,"column":7}},"227":{"start":{"line":576,"column":8},"end":{"line":576,"column":70}},"228":{"start":{"line":578,"column":8},"end":{"line":580,"column":10}},"229":{"start":{"line":583,"column":6},"end":{"line":585,"column":7}},"230":{"start":{"line":584,"column":8},"end":{"line":584,"column":34}},"231":{"start":{"line":588,"column":4},"end":{"line":588,"column":16}},"232":{"start":{"line":595,"column":4},"end":{"line":597,"column":5}},"233":{"start":{"line":596,"column":6},"end":{"line":596,"column":34}},"234":{"start":{"line":604,"column":13},"end":{"line":604,"column":17}},"235":{"start":{"line":605,"column":13},"end":{"line":605,"column":25}},"236":{"start":{"line":607,"column":4},"end":{"line":610,"column":5}},"237":{"start":{"line":608,"column":6},"end":{"line":608,"column":16}},"238":{"start":{"line":609,"column":6},"end":{"line":609,"column":24}},"239":{"start":{"line":612,"column":4},"end":{"line":612,"column":44}},"240":{"start":{"line":619,"column":4},"end":{"line":621,"column":5}},"241":{"start":{"line":620,"column":6},"end":{"line":620,"column":61}},"242":{"start":{"line":623,"column":4},"end":{"line":630,"column":6}},"243":{"start":{"line":16,"column":0},"end":{"line":16,"column":13}}},"fnMap":{"0":{"name":"(anonymous_0)","decl":{"start":{"line":31,"column":2},"end":{"line":31,"column":14}},"loc":{"start":{"line":31,"column":71},"end":{"line":74,"column":3}}},"1":{"name":"(anonymous_1)","decl":{"start":{"line":79,"column":2},"end":{"line":79,"column":6}},"loc":{"start":{"line":79,"column":6},"end":{"line":96,"column":3}}},"2":{"name":"(anonymous_2)","decl":{"start":{"line":101,"column":2},"end":{"line":101,"column":22}},"loc":{"start":{"line":101,"column":22},"end":{"line":132,"column":3}}},"3":{"name":"(anonymous_3)","decl":{"start":{"line":137,"column":2},"end":{"line":137,"column":15}},"loc":{"start":{"line":137,"column":47},"end":{"line":140,"column":3}}},"4":{"name":"(anonymous_4)","decl":{"start":{"line":145,"column":2},"end":{"line":145,"column":12}},"loc":{"start":{"line":145,"column":50},"end":{"line":167,"column":3}}},"5":{"name":"(anonymous_5)","decl":{"start":{"line":172,"column":2},"end":{"line":172,"column":9}},"loc":{"start":{"line":172,"column":9},"end":{"line":188,"column":3}}},"6":{"name":"(anonymous_6)","decl":{"start":{"line":193,"column":2},"end":{"line":193,"column":14}},"loc":{"start":{"line":193,"column":14},"end":{"line":205,"column":3}}},"7":{"name":"(anonymous_7)","decl":{"start":{"line":210,"column":2},"end":{"line":210,"column":19}},"loc":{"start":{"line":210,"column":19},"end":{"line":222,"column":3}}},"8":{"name":"(anonymous_8)","decl":{"start":{"line":221,"column":24},"end":{"line":221,"column":25}},"loc":{"start":{"line":221,"column":34},"end":{"line":221,"column":57}}},"9":{"name":"(anonymous_9)","decl":{"start":{"line":227,"column":2},"end":{"line":227,"column":14}},"loc":{"start":{"line":227,"column":35},"end":{"line":244,"column":3}}},"10":{"name":"(anonymous_10)","decl":{"start":{"line":249,"column":2},"end":{"line":249,"column":14}},"loc":{"start":{"line":249,"column":14},"end":{"line":252,"column":3}}},"11":{"name":"(anonymous_11)","decl":{"start":{"line":257,"column":2},"end":{"line":257,"column":14}},"loc":{"start":{"line":257,"column":36},"end":{"line":266,"column":3}}},"12":{"name":"(anonymous_12)","decl":{"start":{"line":271,"column":2},"end":{"line":271,"column":14}},"loc":{"start":{"line":271,"column":35},"end":{"line":273,"column":3}}},"13":{"name":"(anonymous_13)","decl":{"start":{"line":278,"column":2},"end":{"line":278,"column":17}},"loc":{"start":{"line":278,"column":38},"end":{"line":300,"column":3}}},"14":{"name":"(anonymous_14)","decl":{"start":{"line":305,"column":2},"end":{"line":305,"column":11}},"loc":{"start":{"line":305,"column":23},"end":{"line":311,"column":3}}},"15":{"name":"(anonymous_15)","decl":{"start":{"line":316,"column":2},"end":{"line":316,"column":14}},"loc":{"start":{"line":316,"column":26},"end":{"line":322,"column":3}}},"16":{"name":"(anonymous_16)","decl":{"start":{"line":327,"column":2},"end":{"line":327,"column":6}},"loc":{"start":{"line":327,"column":6},"end":{"line":332,"column":3}}},"17":{"name":"(anonymous_17)","decl":{"start":{"line":337,"column":2},"end":{"line":337,"column":7}},"loc":{"start":{"line":337,"column":7},"end":{"line":342,"column":3}}},"18":{"name":"(anonymous_18)","decl":{"start":{"line":347,"column":2},"end":{"line":347,"column":12}},"loc":{"start":{"line":347,"column":12},"end":{"line":353,"column":3}}},"19":{"name":"(anonymous_19)","decl":{"start":{"line":349,"column":51},"end":{"line":349,"column":52}},"loc":{"start":{"line":349,"column":56},"end":{"line":349,"column":74}}},"20":{"name":"(anonymous_20)","decl":{"start":{"line":358,"column":2},"end":{"line":358,"column":11}},"loc":{"start":{"line":358,"column":11},"end":{"line":361,"column":3}}},"21":{"name":"(anonymous_21)","decl":{"start":{"line":366,"column":2},"end":{"line":366,"column":7}},"loc":{"start":{"line":366,"column":28},"end":{"line":403,"column":3}}},"22":{"name":"(anonymous_22)","decl":{"start":{"line":408,"column":2},"end":{"line":408,"column":9}},"loc":{"start":{"line":408,"column":9},"end":{"line":412,"column":3}}},"23":{"name":"(anonymous_23)","decl":{"start":{"line":417,"column":2},"end":{"line":417,"column":9}},"loc":{"start":{"line":417,"column":9},"end":{"line":421,"column":3}}},"24":{"name":"(anonymous_24)","decl":{"start":{"line":426,"column":2},"end":{"line":426,"column":7}},"loc":{"start":{"line":426,"column":15},"end":{"line":438,"column":3}}},"25":{"name":"(anonymous_25)","decl":{"start":{"line":443,"column":2},"end":{"line":443,"column":9}},"loc":{"start":{"line":443,"column":17},"end":{"line":455,"column":3}}},"26":{"name":"(anonymous_26)","decl":{"start":{"line":460,"column":2},"end":{"line":460,"column":15}},"loc":{"start":{"line":460,"column":15},"end":{"line":464,"column":3}}},"27":{"name":"(anonymous_27)","decl":{"start":{"line":469,"column":2},"end":{"line":469,"column":17}},"loc":{"start":{"line":469,"column":17},"end":{"line":476,"column":3}}},"28":{"name":"(anonymous_28)","decl":{"start":{"line":481,"column":2},"end":{"line":481,"column":11}},"loc":{"start":{"line":481,"column":25},"end":{"line":486,"column":3}}},"29":{"name":"(anonymous_29)","decl":{"start":{"line":491,"column":2},"end":{"line":491,"column":11}},"loc":{"start":{"line":491,"column":32},"end":{"line":496,"column":3}}},"30":{"name":"(anonymous_30)","decl":{"start":{"line":501,"column":2},"end":{"line":501,"column":11}},"loc":{"start":{"line":501,"column":25},"end":{"line":537,"column":3}}},"31":{"name":"(anonymous_31)","decl":{"start":{"line":516,"column":37},"end":{"line":516,"column":38}},"loc":{"start":{"line":516,"column":42},"end":{"line":516,"column":67}}},"32":{"name":"(anonymous_32)","decl":{"start":{"line":542,"column":2},"end":{"line":542,"column":18}},"loc":{"start":{"line":542,"column":18},"end":{"line":547,"column":3}}},"33":{"name":"(anonymous_33)","decl":{"start":{"line":552,"column":2},"end":{"line":552,"column":17}},"loc":{"start":{"line":552,"column":38},"end":{"line":556,"column":3}}},"34":{"name":"(anonymous_34)","decl":{"start":{"line":561,"column":2},"end":{"line":561,"column":10}},"loc":{"start":{"line":561,"column":65},"end":{"line":589,"column":3}}},"35":{"name":"(anonymous_35)","decl":{"start":{"line":565,"column":26},"end":{"line":565,"column":27}},"loc":{"start":{"line":565,"column":35},"end":{"line":586,"column":5}}},"36":{"name":"(anonymous_36)","decl":{"start":{"line":594,"column":2},"end":{"line":594,"column":8}},"loc":{"start":{"line":594,"column":16},"end":{"line":598,"column":3}}},"37":{"name":"(anonymous_37)","decl":{"start":{"line":603,"column":2},"end":{"line":603,"column":8}},"loc":{"start":{"line":603,"column":64},"end":{"line":613,"column":3}}},"38":{"name":"(anonymous_38)","decl":{"start":{"line":618,"column":2},"end":{"line":618,"column":8}},"loc":{"start":{"line":618,"column":35},"end":{"line":631,"column":3}}}},"branchMap":{"0":{"loc":{"start":{"line":31,"column":45},"end":{"line":31,"column":71}},"type":"default-arg","locations":[{"start":{"line":31,"column":69},"end":{"line":31,"column":71}}]},"1":{"loc":{"start":{"line":35,"column":4},"end":{"line":41,"column":5}},"type":"if","locations":[{"start":{"line":35,"column":4},"end":{"line":41,"column":5}}]},"2":{"loc":{"start":{"line":37,"column":6},"end":{"line":39,"column":7}},"type":"if","locations":[{"start":{"line":37,"column":6},"end":{"line":39,"column":7}}]},"3":{"loc":{"start":{"line":48,"column":37},"end":{"line":48,"column":80}},"type":"binary-expr","locations":[{"start":{"line":48,"column":37},"end":{"line":48,"column":62}},{"start":{"line":48,"column":66},"end":{"line":48,"column":80}}]},"4":{"loc":{"start":{"line":69,"column":4},"end":{"line":73,"column":5}},"type":"if","locations":[{"start":{"line":69,"column":4},"end":{"line":73,"column":5}},{"start":{"line":71,"column":11},"end":{"line":73,"column":5}}]},"5":{"loc":{"start":{"line":90,"column":4},"end":{"line":92,"column":5}},"type":"if","locations":[{"start":{"line":90,"column":4},"end":{"line":92,"column":5}}]},"6":{"loc":{"start":{"line":105,"column":4},"end":{"line":122,"column":5}},"type":"if","locations":[{"start":{"line":105,"column":4},"end":{"line":122,"column":5}}]},"7":{"loc":{"start":{"line":106,"column":17},"end":{"line":106,"column":46}},"type":"binary-expr","locations":[{"start":{"line":106,"column":17},"end":{"line":106,"column":33}},{"start":{"line":106,"column":37},"end":{"line":106,"column":46}}]},"8":{"loc":{"start":{"line":107,"column":17},"end":{"line":107,"column":48}},"type":"binary-expr","locations":[{"start":{"line":107,"column":17},"end":{"line":107,"column":34}},{"start":{"line":107,"column":38},"end":{"line":107,"column":48}}]},"9":{"loc":{"start":{"line":108,"column":17},"end":{"line":108,"column":36}},"type":"binary-expr","locations":[{"start":{"line":108,"column":17},"end":{"line":108,"column":30}},{"start":{"line":108,"column":34},"end":{"line":108,"column":36}}]},"10":{"loc":{"start":{"line":109,"column":17},"end":{"line":109,"column":37}},"type":"binary-expr","locations":[{"start":{"line":109,"column":17},"end":{"line":109,"column":31}},{"start":{"line":109,"column":35},"end":{"line":109,"column":37}}]},"11":{"loc":{"start":{"line":111,"column":6},"end":{"line":121,"column":7}},"type":"if","locations":[{"start":{"line":111,"column":6},"end":{"line":121,"column":7}}]},"12":{"loc":{"start":{"line":111,"column":10},"end":{"line":111,"column":32}},"type":"binary-expr","locations":[{"start":{"line":111,"column":11},"end":{"line":111,"column":18}},{"start":{"line":111,"column":24},"end":{"line":111,"column":31}}]},"13":{"loc":{"start":{"line":124,"column":4},"end":{"line":131,"column":5}},"type":"if","locations":[{"start":{"line":124,"column":4},"end":{"line":131,"column":5}}]},"14":{"loc":{"start":{"line":150,"column":4},"end":{"line":161,"column":5}},"type":"if","locations":[{"start":{"line":150,"column":4},"end":{"line":161,"column":5}}]},"15":{"loc":{"start":{"line":152,"column":6},"end":{"line":154,"column":7}},"type":"if","locations":[{"start":{"line":152,"column":6},"end":{"line":154,"column":7}}]},"16":{"loc":{"start":{"line":174,"column":4},"end":{"line":176,"column":5}},"type":"if","locations":[{"start":{"line":174,"column":4},"end":{"line":176,"column":5}}]},"17":{"loc":{"start":{"line":178,"column":4},"end":{"line":187,"column":5}},"type":"if","locations":[{"start":{"line":178,"column":4},"end":{"line":187,"column":5}},{"start":{"line":184,"column":11},"end":{"line":187,"column":5}}]},"18":{"loc":{"start":{"line":194,"column":4},"end":{"line":194,"column":43}},"type":"if","locations":[{"start":{"line":194,"column":4},"end":{"line":194,"column":43}}]},"19":{"loc":{"start":{"line":198,"column":6},"end":{"line":203,"column":7}},"type":"if","locations":[{"start":{"line":198,"column":6},"end":{"line":203,"column":7}}]},"20":{"loc":{"start":{"line":201,"column":8},"end":{"line":201,"column":39}},"type":"if","locations":[{"start":{"line":201,"column":8},"end":{"line":201,"column":39}}]},"21":{"loc":{"start":{"line":211,"column":4},"end":{"line":211,"column":46}},"type":"if","locations":[{"start":{"line":211,"column":4},"end":{"line":211,"column":46}}]},"22":{"loc":{"start":{"line":216,"column":6},"end":{"line":218,"column":7}},"type":"if","locations":[{"start":{"line":216,"column":6},"end":{"line":218,"column":7}}]},"23":{"loc":{"start":{"line":232,"column":6},"end":{"line":235,"column":7}},"type":"if","locations":[{"start":{"line":232,"column":6},"end":{"line":235,"column":7}}]},"24":{"loc":{"start":{"line":250,"column":4},"end":{"line":250,"column":76}},"type":"if","locations":[{"start":{"line":250,"column":4},"end":{"line":250,"column":76}}]},"25":{"loc":{"start":{"line":258,"column":4},"end":{"line":260,"column":5}},"type":"if","locations":[{"start":{"line":258,"column":4},"end":{"line":260,"column":5}}]},"26":{"loc":{"start":{"line":283,"column":6},"end":{"line":287,"column":7}},"type":"if","locations":[{"start":{"line":283,"column":6},"end":{"line":287,"column":7}},{"start":{"line":285,"column":13},"end":{"line":287,"column":7}}]},"27":{"loc":{"start":{"line":293,"column":4},"end":{"line":297,"column":5}},"type":"if","locations":[{"start":{"line":293,"column":4},"end":{"line":297,"column":5}},{"start":{"line":295,"column":11},"end":{"line":297,"column":5}}]},"28":{"loc":{"start":{"line":293,"column":8},"end":{"line":293,"column":51}},"type":"binary-expr","locations":[{"start":{"line":293,"column":8},"end":{"line":293,"column":16}},{"start":{"line":293,"column":20},"end":{"line":293,"column":51}}]},"29":{"loc":{"start":{"line":295,"column":11},"end":{"line":297,"column":5}},"type":"if","locations":[{"start":{"line":295,"column":11},"end":{"line":297,"column":5}}]},"30":{"loc":{"start":{"line":328,"column":4},"end":{"line":330,"column":5}},"type":"if","locations":[{"start":{"line":328,"column":4},"end":{"line":330,"column":5}}]},"31":{"loc":{"start":{"line":338,"column":4},"end":{"line":340,"column":5}},"type":"if","locations":[{"start":{"line":338,"column":4},"end":{"line":340,"column":5}}]},"32":{"loc":{"start":{"line":367,"column":4},"end":{"line":367,"column":35}},"type":"if","locations":[{"start":{"line":367,"column":4},"end":{"line":367,"column":35}}]},"33":{"loc":{"start":{"line":378,"column":4},"end":{"line":384,"column":5}},"type":"if","locations":[{"start":{"line":378,"column":4},"end":{"line":384,"column":5}},{"start":{"line":381,"column":11},"end":{"line":384,"column":5}}]},"34":{"loc":{"start":{"line":381,"column":11},"end":{"line":384,"column":5}},"type":"if","locations":[{"start":{"line":381,"column":11},"end":{"line":384,"column":5}}]},"35":{"loc":{"start":{"line":386,"column":4},"end":{"line":392,"column":5}},"type":"if","locations":[{"start":{"line":386,"column":4},"end":{"line":392,"column":5}},{"start":{"line":389,"column":11},"end":{"line":392,"column":5}}]},"36":{"loc":{"start":{"line":389,"column":11},"end":{"line":392,"column":5}},"type":"if","locations":[{"start":{"line":389,"column":11},"end":{"line":392,"column":5}}]},"37":{"loc":{"start":{"line":394,"column":4},"end":{"line":402,"column":5}},"type":"if","locations":[{"start":{"line":394,"column":4},"end":{"line":402,"column":5}},{"start":{"line":398,"column":11},"end":{"line":402,"column":5}}]},"38":{"loc":{"start":{"line":427,"column":15},"end":{"line":427,"column":39}},"type":"binary-expr","locations":[{"start":{"line":427,"column":15},"end":{"line":427,"column":34}},{"start":{"line":427,"column":38},"end":{"line":427,"column":39}}]},"39":{"loc":{"start":{"line":428,"column":15},"end":{"line":428,"column":39}},"type":"binary-expr","locations":[{"start":{"line":428,"column":15},"end":{"line":428,"column":34}},{"start":{"line":428,"column":38},"end":{"line":428,"column":39}}]},"40":{"loc":{"start":{"line":444,"column":15},"end":{"line":444,"column":39}},"type":"binary-expr","locations":[{"start":{"line":444,"column":15},"end":{"line":444,"column":34}},{"start":{"line":444,"column":38},"end":{"line":444,"column":39}}]},"41":{"loc":{"start":{"line":445,"column":15},"end":{"line":445,"column":39}},"type":"binary-expr","locations":[{"start":{"line":445,"column":15},"end":{"line":445,"column":34}},{"start":{"line":445,"column":38},"end":{"line":445,"column":39}}]},"42":{"loc":{"start":{"line":461,"column":4},"end":{"line":463,"column":5}},"type":"if","locations":[{"start":{"line":461,"column":4},"end":{"line":463,"column":5}}]},"43":{"loc":{"start":{"line":461,"column":8},"end":{"line":461,"column":84}},"type":"binary-expr","locations":[{"start":{"line":461,"column":8},"end":{"line":461,"column":32}},{"start":{"line":461,"column":36},"end":{"line":461,"column":53}},{"start":{"line":461,"column":57},"end":{"line":461,"column":84}}]},"44":{"loc":{"start":{"line":470,"column":4},"end":{"line":475,"column":5}},"type":"if","locations":[{"start":{"line":470,"column":4},"end":{"line":475,"column":5}}]},"45":{"loc":{"start":{"line":472,"column":6},"end":{"line":474,"column":7}},"type":"if","locations":[{"start":{"line":472,"column":6},"end":{"line":474,"column":7}}]},"46":{"loc":{"start":{"line":472,"column":10},"end":{"line":472,"column":51}},"type":"binary-expr","locations":[{"start":{"line":472,"column":10},"end":{"line":472,"column":30}},{"start":{"line":472,"column":34},"end":{"line":472,"column":51}}]},"47":{"loc":{"start":{"line":482,"column":4},"end":{"line":484,"column":5}},"type":"if","locations":[{"start":{"line":482,"column":4},"end":{"line":484,"column":5}}]},"48":{"loc":{"start":{"line":492,"column":4},"end":{"line":494,"column":5}},"type":"if","locations":[{"start":{"line":492,"column":4},"end":{"line":494,"column":5}}]},"49":{"loc":{"start":{"line":492,"column":8},"end":{"line":492,"column":32}},"type":"binary-expr","locations":[{"start":{"line":492,"column":8},"end":{"line":492,"column":25}},{"start":{"line":492,"column":29},"end":{"line":492,"column":32}}]},"50":{"loc":{"start":{"line":503,"column":4},"end":{"line":503,"column":31}},"type":"if","locations":[{"start":{"line":503,"column":4},"end":{"line":503,"column":31}}]},"51":{"loc":{"start":{"line":506,"column":4},"end":{"line":506,"column":24}},"type":"if","locations":[{"start":{"line":506,"column":4},"end":{"line":506,"column":24}}]},"52":{"loc":{"start":{"line":509,"column":4},"end":{"line":509,"column":81}},"type":"if","locations":[{"start":{"line":509,"column":4},"end":{"line":509,"column":81}}]},"53":{"loc":{"start":{"line":509,"column":35},"end":{"line":509,"column":71}},"type":"binary-expr","locations":[{"start":{"line":509,"column":35},"end":{"line":509,"column":55}},{"start":{"line":509,"column":59},"end":{"line":509,"column":71}}]},"54":{"loc":{"start":{"line":513,"column":43},"end":{"line":513,"column":89}},"type":"binary-expr","locations":[{"start":{"line":513,"column":43},"end":{"line":513,"column":68}},{"start":{"line":513,"column":72},"end":{"line":513,"column":89}}]},"55":{"loc":{"start":{"line":515,"column":4},"end":{"line":517,"column":5}},"type":"if","locations":[{"start":{"line":515,"column":4},"end":{"line":517,"column":5}}]},"56":{"loc":{"start":{"line":516,"column":18},"end":{"line":516,"column":76}},"type":"binary-expr","locations":[{"start":{"line":516,"column":18},"end":{"line":516,"column":68}},{"start":{"line":516,"column":72},"end":{"line":516,"column":76}}]},"57":{"loc":{"start":{"line":519,"column":4},"end":{"line":519,"column":27}},"type":"if","locations":[{"start":{"line":519,"column":4},"end":{"line":519,"column":27}}]},"58":{"loc":{"start":{"line":522,"column":22},"end":{"line":522,"column":63}},"type":"binary-expr","locations":[{"start":{"line":522,"column":22},"end":{"line":522,"column":53}},{"start":{"line":522,"column":57},"end":{"line":522,"column":63}}]},"59":{"loc":{"start":{"line":525,"column":4},"end":{"line":531,"column":5}},"type":"if","locations":[{"start":{"line":525,"column":4},"end":{"line":531,"column":5}},{"start":{"line":527,"column":11},"end":{"line":531,"column":5}}]},"60":{"loc":{"start":{"line":563,"column":4},"end":{"line":563,"column":28}},"type":"if","locations":[{"start":{"line":563,"column":4},"end":{"line":563,"column":28}}]},"61":{"loc":{"start":{"line":575,"column":6},"end":{"line":581,"column":7}},"type":"if","locations":[{"start":{"line":575,"column":6},"end":{"line":581,"column":7}},{"start":{"line":577,"column":13},"end":{"line":581,"column":7}}]},"62":{"loc":{"start":{"line":583,"column":6},"end":{"line":585,"column":7}},"type":"if","locations":[{"start":{"line":583,"column":6},"end":{"line":585,"column":7}}]},"63":{"loc":{"start":{"line":595,"column":4},"end":{"line":597,"column":5}},"type":"if","locations":[{"start":{"line":595,"column":4},"end":{"line":597,"column":5}}]},"64":{"loc":{"start":{"line":607,"column":4},"end":{"line":610,"column":5}},"type":"if","locations":[{"start":{"line":607,"column":4},"end":{"line":610,"column":5}}]},"65":{"loc":{"start":{"line":619,"column":4},"end":{"line":621,"column":5}},"type":"if","locations":[{"start":{"line":619,"column":4},"end":{"line":621,"column":5}}]}},"s":{"0":3,"1":3,"2":3,"3":3,"4":3,"5":3,"6":3,"7":3,"8":3,"9":15,"10":15,"11":15,"12":15,"13":14,"14":14,"15":0,"16":14,"17":15,"18":15,"19":15,"20":15,"21":15,"22":15,"23":15,"24":15,"25":15,"26":0,"27":15,"28":15,"29":15,"30":15,"31":15,"32":0,"33":15,"34":15,"35":15,"36":15,"37":1,"38":1,"39":1,"40":1,"41":1,"42":0,"43":0,"44":0,"45":0,"46":0,"47":0,"48":15,"49":0,"50":0,"51":0,"52":0,"53":0,"54":0,"55":15,"56":15,"57":1,"58":1,"59":1,"60":1,"61":15,"62":15,"63":1,"64":1,"65":1,"66":1,"67":1,"68":1,"69":1,"70":0,"71":15,"72":0,"73":15,"74":90,"75":90,"76":45,"77":45,"78":45,"79":45,"80":45,"81":11,"82":0,"83":11,"84":11,"85":66,"86":33,"87":11,"88":22,"89":13,"90":13,"91":13,"92":13,"93":3,"94":1,"95":1,"96":13,"97":13,"98":13,"99":13,"100":13,"101":0,"102":0,"103":0,"104":11,"105":11,"106":11,"107":11,"108":11,"109":0,"110":1,"111":1,"112":1,"113":1,"114":2,"115":1,"116":1,"117":1,"118":1,"119":0,"120":1,"121":0,"122":1,"123":0,"124":0,"125":0,"126":0,"127":0,"128":0,"129":0,"130":0,"131":0,"132":0,"133":0,"134":0,"135":0,"136":0,"137":15,"138":0,"139":15,"140":0,"141":0,"142":6,"143":0,"144":6,"145":6,"146":6,"147":6,"148":6,"149":6,"150":6,"151":1,"152":1,"153":5,"154":3,"155":3,"156":6,"157":1,"158":1,"159":5,"160":1,"161":1,"162":6,"163":0,"164":0,"165":0,"166":6,"167":6,"168":6,"169":0,"170":0,"171":0,"172":0,"173":0,"174":3,"175":3,"176":3,"177":46,"178":46,"179":46,"180":2,"181":0,"182":0,"183":0,"184":0,"185":0,"186":0,"187":0,"188":0,"189":2,"190":2,"191":2,"192":0,"193":0,"194":0,"195":0,"196":0,"197":0,"198":0,"199":0,"200":0,"201":0,"202":0,"203":0,"204":0,"205":0,"206":0,"207":0,"208":0,"209":0,"210":0,"211":0,"212":14,"213":0,"214":0,"215":0,"216":0,"217":0,"218":0,"219":0,"220":0,"221":0,"222":0,"223":0,"224":0,"225":0,"226":0,"227":0,"228":0,"229":0,"230":0,"231":0,"232":0,"233":0,"234":0,"235":0,"236":0,"237":0,"238":0,"239":0,"240":2,"241":0,"242":2,"243":3},"f":{"0":15,"1":15,"2":15,"3":0,"4":15,"5":1,"6":15,"7":11,"8":22,"9":13,"10":0,"11":11,"12":0,"13":1,"14":0,"15":0,"16":0,"17":0,"18":15,"19":0,"20":0,"21":6,"22":0,"23":0,"24":3,"25":46,"26":2,"27":0,"28":0,"29":2,"30":0,"31":0,"32":14,"33":0,"34":0,"35":0,"36":0,"37":0,"38":2},"b":{"0":[0],"1":[14],"2":[0],"3":[15,0],"4":[0,15],"5":[0],"6":[1],"7":[1,1],"8":[1,1],"9":[1,1],"10":[1,1],"11":[0],"12":[1,1],"13":[0],"14":[1],"15":[1],"16":[1],"17":[1,0],"18":[0],"19":[45],"20":[45],"21":[0],"22":[33],"23":[1],"24":[0],"25":[11],"26":[1,1],"27":[0,1],"28":[1,1],"29":[0],"30":[0],"31":[0],"32":[0],"33":[1,5],"34":[3],"35":[1,5],"36":[1],"37":[0,6],"38":[3,0],"39":[3,0],"40":[46,0],"41":[46,0],"42":[0],"43":[2,0,0],"44":[0],"45":[0],"46":[0,0],"47":[0],"48":[2],"49":[2,2],"50":[0],"51":[0],"52":[0],"53":[0,0],"54":[0,0],"55":[0],"56":[0,0],"57":[0],"58":[0,0],"59":[0,0],"60":[0],"61":[0,0],"62":[0],"63":[0],"64":[0],"65":[0]}}
,"/Users/ivan/code/rnd/Jcrop-ts/src/defaults.ts": {"path":"/Users/ivan/code/rnd/Jcrop-ts/src/defaults.ts","statementMap":{"0":{"start":{"line":6,"column":13},"end":{"line":54,"column":2}}},"fnMap":{},"branchMap":{},"s":{"0":3},"f":{},"b":{}}
,"/Users/ivan/code/rnd/Jcrop-ts/src/index.ts": {"path":"/Users/ivan/code/rnd/Jcrop-ts/src/index.ts","statementMap":{"0":{"start":{"line":9,"column":0},"end":{"line":9,"column":32}},"1":{"start":{"line":10,"column":0},"end":{"line":10,"column":45}},"2":{"start":{"line":11,"column":0},"end":{"line":11,"column":29}},"3":{"start":{"line":14,"column":0},"end":{"line":14,"column":35}},"4":{"start":{"line":15,"column":0},"end":{"line":15,"column":31}},"5":{"start":{"line":16,"column":0},"end":{"line":16,"column":31}},"6":{"start":{"line":20,"column":2},"end":{"line":20,"column":37}},"7":{"start":{"line":24,"column":0},"end":{"line":26,"column":2}},"8":{"start":{"line":25,"column":2},"end":{"line":25,"column":37}},"9":{"start":{"line":29,"column":0},"end":{"line":29,"column":34}},"10":{"start":{"line":32,"column":0},"end":{"line":32,"column":21}},"11":{"start":{"line":35,"column":0},"end":{"line":35,"column":22}}},"fnMap":{"0":{"name":"create","decl":{"start":{"line":19,"column":9},"end":{"line":19,"column":15}},"loc":{"start":{"line":19,"column":64},"end":{"line":21,"column":1}}},"1":{"name":"(anonymous_1)","decl":{"start":{"line":24,"column":16},"end":{"line":24,"column":17}},"loc":{"start":{"line":24,"column":67},"end":{"line":26,"column":1}}}},"branchMap":{"0":{"loc":{"start":{"line":19,"column":47},"end":{"line":19,"column":64}},"type":"default-arg","locations":[{"start":{"line":19,"column":62},"end":{"line":19,"column":64}}]},"1":{"loc":{"start":{"line":24,"column":39},"end":{"line":24,"column":56}},"type":"default-arg","locations":[{"start":{"line":24,"column":54},"end":{"line":24,"column":56}}]}},"s":{"0":3,"1":3,"2":3,"3":3,"4":3,"5":3,"6":14,"7":3,"8":0,"9":3,"10":3,"11":3},"f":{"0":14,"1":0},"b":{"0":[10],"1":[0]}}
,"/Users/ivan/code/rnd/Jcrop-ts/src/components/Animator.ts": {"path":"/Users/ivan/code/rnd/Jcrop-ts/src/components/Animator.ts","statementMap":{"0":{"start":{"line":12,"column":4},"end":{"line":12,"column":31}},"1":{"start":{"line":13,"column":4},"end":{"line":13,"column":31}},"2":{"start":{"line":20,"column":4},"end":{"line":35,"column":5}},"3":{"start":{"line":22,"column":6},"end":{"line":29,"column":15}},"4":{"start":{"line":31,"column":6},"end":{"line":33,"column":7}},"5":{"start":{"line":32,"column":8},"end":{"line":32,"column":19}},"6":{"start":{"line":34,"column":6},"end":{"line":34,"column":13}},"7":{"start":{"line":38,"column":20},"end":{"line":38,"column":40}},"8":{"start":{"line":41,"column":21},"end":{"line":41,"column":58}},"9":{"start":{"line":42,"column":22},"end":{"line":42,"column":39}},"10":{"start":{"line":45,"column":17},"end":{"line":72,"column":5}},"11":{"start":{"line":47,"column":22},"end":{"line":47,"column":43}},"12":{"start":{"line":48,"column":23},"end":{"line":48,"column":54}},"13":{"start":{"line":51,"column":19},"end":{"line":51,"column":57}},"14":{"start":{"line":52,"column":19},"end":{"line":52,"column":57}},"15":{"start":{"line":53,"column":19},"end":{"line":53,"column":57}},"16":{"start":{"line":54,"column":19},"end":{"line":54,"column":57}},"17":{"start":{"line":57,"column":6},"end":{"line":64,"column":15}},"18":{"start":{"line":67,"column":6},"end":{"line":71,"column":7}},"19":{"start":{"line":68,"column":8},"end":{"line":68,"column":36}},"20":{"start":{"line":69,"column":13},"end":{"line":71,"column":7}},"21":{"start":{"line":70,"column":8},"end":{"line":70,"column":19}},"22":{"start":{"line":75,"column":4},"end":{"line":75,"column":32}},"23":{"start":{"line":4,"column":0},"end":{"line":4,"column":13}}},"fnMap":{"0":{"name":"(anonymous_0)","decl":{"start":{"line":11,"column":2},"end":{"line":11,"column":14}},"loc":{"start":{"line":11,"column":28},"end":{"line":14,"column":3}}},"1":{"name":"(anonymous_1)","decl":{"start":{"line":19,"column":2},"end":{"line":19,"column":9}},"loc":{"start":{"line":19,"column":75},"end":{"line":76,"column":3}}},"2":{"name":"(anonymous_2)","decl":{"start":{"line":45,"column":17},"end":{"line":45,"column":18}},"loc":{"start":{"line":45,"column":39},"end":{"line":72,"column":5}}}},"branchMap":{"0":{"loc":{"start":{"line":20,"column":4},"end":{"line":35,"column":5}},"type":"if","locations":[{"start":{"line":20,"column":4},"end":{"line":35,"column":5}}]},"1":{"loc":{"start":{"line":31,"column":6},"end":{"line":33,"column":7}},"type":"if","locations":[{"start":{"line":31,"column":6},"end":{"line":33,"column":7}}]},"2":{"loc":{"start":{"line":41,"column":21},"end":{"line":41,"column":58}},"type":"binary-expr","locations":[{"start":{"line":41,"column":21},"end":{"line":41,"column":51}},{"start":{"line":41,"column":55},"end":{"line":41,"column":58}}]},"3":{"loc":{"start":{"line":67,"column":6},"end":{"line":71,"column":7}},"type":"if","locations":[{"start":{"line":67,"column":6},"end":{"line":71,"column":7}},{"start":{"line":69,"column":13},"end":{"line":71,"column":7}}]},"4":{"loc":{"start":{"line":69,"column":13},"end":{"line":71,"column":7}},"type":"if","locations":[{"start":{"line":69,"column":13},"end":{"line":71,"column":7}}]}},"s":{"0":0,"1":0,"2":0,"3":0,"4":0,"5":0,"6":0,"7":0,"8":0,"9":0,"10":0,"11":0,"12":0,"13":0,"14":0,"15":0,"16":0,"17":0,"18":0,"19":0,"20":0,"21":0,"22":0,"23":3},"f":{"0":0,"1":0,"2":0},"b":{"0":[0],"1":[0],"2":[0,0],"3":[0,0],"4":[0]}}
,"/Users/ivan/code/rnd/Jcrop-ts/src/components/DragState.ts": {"path":"/Users/ivan/code/rnd/Jcrop-ts/src/components/DragState.ts","statementMap":{"0":{"start":{"line":12,"column":9},"end":{"line":12,"column":26}},"1":{"start":{"line":13,"column":9},"end":{"line":13,"column":26}},"2":{"start":{"line":14,"column":9},"end":{"line":14,"column":29}},"3":{"start":{"line":15,"column":9},"end":{"line":15,"column":29}},"4":{"start":{"line":24,"column":4},"end":{"line":24,"column":31}},"5":{"start":{"line":25,"column":4},"end":{"line":25,"column":31}},"6":{"start":{"line":27,"column":16},"end":{"line":27,"column":40}},"7":{"start":{"line":28,"column":26},"end":{"line":28,"column":41}},"8":{"start":{"line":30,"column":4},"end":{"line":30,"column":24}},"9":{"start":{"line":31,"column":4},"end":{"line":31,"column":24}},"10":{"start":{"line":32,"column":4},"end":{"line":32,"column":30}},"11":{"start":{"line":33,"column":4},"end":{"line":33,"column":30}},"12":{"start":{"line":35,"column":4},"end":{"line":35,"column":43}},"13":{"start":{"line":36,"column":4},"end":{"line":36,"column":41}},"14":{"start":{"line":39,"column":4},"end":{"line":39,"column":56}},"15":{"start":{"line":40,"column":4},"end":{"line":40,"column":53}},"16":{"start":{"line":41,"column":4},"end":{"line":41,"column":76}},"17":{"start":{"line":42,"column":4},"end":{"line":42,"column":54}},"18":{"start":{"line":51,"column":4},"end":{"line":64,"column":5}},"19":{"start":{"line":53,"column":6},"end":{"line":59,"column":7}},"20":{"start":{"line":54,"column":8},"end":{"line":54,"column":35}},"21":{"start":{"line":55,"column":8},"end":{"line":55,"column":35}},"22":{"start":{"line":58,"column":8},"end":{"line":58,"column":50}},"23":{"start":{"line":62,"column":6},"end":{"line":62,"column":22}},"24":{"start":{"line":63,"column":6},"end":{"line":63,"column":22}},"25":{"start":{"line":67,"column":26},"end":{"line":67,"column":79}},"26":{"start":{"line":68,"column":26},"end":{"line":68,"column":83}},"27":{"start":{"line":69,"column":25},"end":{"line":69,"column":81}},"28":{"start":{"line":71,"column":4},"end":{"line":74,"column":6}},"29":{"start":{"line":81,"column":4},"end":{"line":90,"column":6}},"30":{"start":{"line":82,"column":6},"end":{"line":82,"column":25}},"31":{"start":{"line":84,"column":18},"end":{"line":84,"column":42}},"32":{"start":{"line":85,"column":20},"end":{"line":85,"column":39}},"33":{"start":{"line":86,"column":20},"end":{"line":86,"column":39}},"34":{"start":{"line":89,"column":6},"end":{"line":89,"column":41}},"35":{"start":{"line":97,"column":4},"end":{"line":100,"column":6}},"36":{"start":{"line":98,"column":6},"end":{"line":98,"column":31}},"37":{"start":{"line":99,"column":6},"end":{"line":99,"column":25}},"38":{"start":{"line":107,"column":22},"end":{"line":107,"column":36}},"39":{"start":{"line":108,"column":17},"end":{"line":108,"column":32}},"40":{"start":{"line":109,"column":22},"end":{"line":109,"column":36}},"41":{"start":{"line":112,"column":17},"end":{"line":112,"column":31}},"42":{"start":{"line":115,"column":4},"end":{"line":164,"column":5}},"43":{"start":{"line":117,"column":8},"end":{"line":117,"column":36}},"44":{"start":{"line":118,"column":8},"end":{"line":118,"column":36}},"45":{"start":{"line":119,"column":8},"end":{"line":119,"column":40}},"46":{"start":{"line":120,"column":8},"end":{"line":120,"column":40}},"47":{"start":{"line":121,"column":8},"end":{"line":121,"column":14}},"48":{"start":{"line":124,"column":8},"end":{"line":124,"column":36}},"49":{"start":{"line":125,"column":8},"end":{"line":125,"column":35}},"50":{"start":{"line":126,"column":8},"end":{"line":126,"column":14}},"51":{"start":{"line":129,"column":8},"end":{"line":129,"column":35}},"52":{"start":{"line":130,"column":8},"end":{"line":130,"column":14}},"53":{"start":{"line":133,"column":8},"end":{"line":133,"column":35}},"54":{"start":{"line":134,"column":8},"end":{"line":134,"column":14}},"55":{"start":{"line":137,"column":8},"end":{"line":137,"column":36}},"56":{"start":{"line":138,"column":8},"end":{"line":138,"column":35}},"57":{"start":{"line":139,"column":8},"end":{"line":139,"column":14}},"58":{"start":{"line":142,"column":8},"end":{"line":142,"column":36}},"59":{"start":{"line":143,"column":8},"end":{"line":143,"column":36}},"60":{"start":{"line":144,"column":8},"end":{"line":144,"column":35}},"61":{"start":{"line":145,"column":8},"end":{"line":145,"column":35}},"62":{"start":{"line":146,"column":8},"end":{"line":146,"column":14}},"63":{"start":{"line":149,"column":8},"end":{"line":149,"column":36}},"64":{"start":{"line":150,"column":8},"end":{"line":150,"column":35}},"65":{"start":{"line":151,"column":8},"end":{"line":151,"column":35}},"66":{"start":{"line":152,"column":8},"end":{"line":152,"column":14}},"67":{"start":{"line":155,"column":8},"end":{"line":155,"column":36}},"68":{"start":{"line":156,"column":8},"end":{"line":156,"column":35}},"69":{"start":{"line":157,"column":8},"end":{"line":157,"column":35}},"70":{"start":{"line":158,"column":8},"end":{"line":158,"column":14}},"71":{"start":{"line":161,"column":8},"end":{"line":161,"column":35}},"72":{"start":{"line":162,"column":8},"end":{"line":162,"column":35}},"73":{"start":{"line":163,"column":8},"end":{"line":163,"column":14}},"74":{"start":{"line":167,"column":4},"end":{"line":167,"column":39}},"75":{"start":{"line":168,"column":4},"end":{"line":168,"column":39}},"76":{"start":{"line":171,"column":4},"end":{"line":175,"column":6}},"77":{"start":{"line":177,"column":4},"end":{"line":177,"column":44}},"78":{"start":{"line":6,"column":0},"end":{"line":6,"column":13}}},"fnMap":{"0":{"name":"(anonymous_0)","decl":{"start":{"line":23,"column":2},"end":{"line":23,"column":14}},"loc":{"start":{"line":23,"column":75},"end":{"line":43,"column":3}}},"1":{"name":"(anonymous_1)","decl":{"start":{"line":48,"column":2},"end":{"line":48,"column":18}},"loc":{"start":{"line":48,"column":45},"end":{"line":75,"column":3}}},"2":{"name":"(anonymous_2)","decl":{"start":{"line":80,"column":2},"end":{"line":80,"column":19}},"loc":{"start":{"line":80,"column":19},"end":{"line":91,"column":3}}},"3":{"name":"(anonymous_3)","decl":{"start":{"line":81,"column":11},"end":{"line":81,"column":12}},"loc":{"start":{"line":81,"column":42},"end":{"line":90,"column":5}}},"4":{"name":"(anonymous_4)","decl":{"start":{"line":96,"column":2},"end":{"line":96,"column":18}},"loc":{"start":{"line":96,"column":18},"end":{"line":101,"column":3}}},"5":{"name":"(anonymous_5)","decl":{"start":{"line":97,"column":11},"end":{"line":97,"column":12}},"loc":{"start":{"line":97,"column":42},"end":{"line":100,"column":5}}},"6":{"name":"(anonymous_6)","decl":{"start":{"line":106,"column":2},"end":{"line":106,"column":17}},"loc":{"start":{"line":106,"column":46},"end":{"line":178,"column":3}}}},"branchMap":{"0":{"loc":{"start":{"line":51,"column":4},"end":{"line":64,"column":5}},"type":"if","locations":[{"start":{"line":51,"column":4},"end":{"line":64,"column":5}},{"start":{"line":60,"column":11},"end":{"line":64,"column":5}}]},"1":{"loc":{"start":{"line":53,"column":6},"end":{"line":59,"column":7}},"type":"if","locations":[{"start":{"line":53,"column":6},"end":{"line":59,"column":7}},{"start":{"line":56,"column":13},"end":{"line":59,"column":7}}]},"2":{"loc":{"start":{"line":68,"column":26},"end":{"line":68,"column":83}},"type":"binary-expr","locations":[{"start":{"line":68,"column":26},"end":{"line":68,"column":44}},{"start":{"line":68,"column":48},"end":{"line":68,"column":83}}]},"3":{"loc":{"start":{"line":69,"column":25},"end":{"line":69,"column":81}},"type":"binary-expr","locations":[{"start":{"line":69,"column":25},"end":{"line":69,"column":43}},{"start":{"line":69,"column":47},"end":{"line":69,"column":81}}]},"4":{"loc":{"start":{"line":115,"column":4},"end":{"line":164,"column":5}},"type":"switch","locations":[{"start":{"line":116,"column":6},"end":{"line":121,"column":14}},{"start":{"line":123,"column":6},"end":{"line":126,"column":14}},{"start":{"line":128,"column":6},"end":{"line":130,"column":14}},{"start":{"line":132,"column":6},"end":{"line":134,"column":14}},{"start":{"line":136,"column":6},"end":{"line":139,"column":14}},{"start":{"line":141,"column":6},"end":{"line":146,"column":14}},{"start":{"line":148,"column":6},"end":{"line":152,"column":14}},{"start":{"line":154,"column":6},"end":{"line":158,"column":14}},{"start":{"line":160,"column":6},"end":{"line":163,"column":14}}]}},"s":{"0":0,"1":0,"2":0,"3":0,"4":0,"5":0,"6":0,"7":0,"8":0,"9":0,"10":0,"11":0,"12":0,"13":0,"14":0,"15":0,"16":0,"17":0,"18":0,"19":0,"20":0,"21":0,"22":0,"23":0,"24":0,"25":0,"26":0,"27":0,"28":0,"29":0,"30":0,"31":0,"32":0,"33":0,"34":0,"35":0,"36":0,"37":0,"38":0,"39":0,"40":0,"41":0,"42":0,"43":0,"44":0,"45":0,"46":0,"47":0,"48":0,"49":0,"50":0,"51":0,"52":0,"53":0,"54":0,"55":0,"56":0,"57":0,"58":0,"59":0,"60":0,"61":0,"62":0,"63":0,"64":0,"65":0,"66":0,"67":0,"68":0,"69":0,"70":0,"71":0,"72":0,"73":0,"74":0,"75":0,"76":0,"77":0,"78":3},"f":{"0":0,"1":0,"2":0,"3":0,"4":0,"5":0,"6":0},"b":{"0":[0,0],"1":[0,0],"2":[0,0],"3":[0,0],"4":[0,0,0,0,0,0,0,0,0]}}
,"/Users/ivan/code/rnd/Jcrop-ts/src/components/ImageLoader.ts": {"path":"/Users/ivan/code/rnd/Jcrop-ts/src/components/ImageLoader.ts","statementMap":{"0":{"start":{"line":9,"column":16},"end":{"line":9,"column":27}},"1":{"start":{"line":11,"column":4},"end":{"line":15,"column":6}},"2":{"start":{"line":12,"column":20},"end":{"line":12,"column":36}},"3":{"start":{"line":13,"column":21},"end":{"line":13,"column":38}},"4":{"start":{"line":14,"column":6},"end":{"line":14,"column":30}},"5":{"start":{"line":17,"column":4},"end":{"line":17,"column":18}},"6":{"start":{"line":24,"column":4},"end":{"line":32,"column":5}},"7":{"start":{"line":26,"column":6},"end":{"line":26,"column":50}},"8":{"start":{"line":29,"column":6},"end":{"line":31,"column":8}},"9":{"start":{"line":30,"column":8},"end":{"line":30,"column":52}},"10":{"start":{"line":4,"column":0},"end":{"line":4,"column":13}}},"fnMap":{"0":{"name":"(anonymous_0)","decl":{"start":{"line":8,"column":2},"end":{"line":8,"column":8}},"loc":{"start":{"line":8,"column":76},"end":{"line":18,"column":3}}},"1":{"name":"(anonymous_1)","decl":{"start":{"line":11,"column":17},"end":{"line":11,"column":null}},"loc":{"start":{"line":11,"column":17},"end":{"line":15,"column":5}}},"2":{"name":"(anonymous_2)","decl":{"start":{"line":23,"column":2},"end":{"line":23,"column":8}},"loc":{"start":{"line":23,"column":87},"end":{"line":33,"column":3}}},"3":{"name":"(anonymous_3)","decl":{"start":{"line":29,"column":18},"end":{"line":29,"column":null}},"loc":{"start":{"line":29,"column":18},"end":{"line":31,"column":7}}}},"branchMap":{"0":{"loc":{"start":{"line":24,"column":4},"end":{"line":32,"column":5}},"type":"if","locations":[{"start":{"line":24,"column":4},"end":{"line":32,"column":5}},{"start":{"line":27,"column":11},"end":{"line":32,"column":5}}]}},"s":{"0":0,"1":0,"2":0,"3":0,"4":0,"5":0,"6":0,"7":0,"8":0,"9":0,"10":3},"f":{"0":0,"1":0,"2":0,"3":0},"b":{"0":[0,0]}}
,"/Users/ivan/code/rnd/Jcrop-ts/src/components/KeyWatcher.ts": {"path":"/Users/ivan/code/rnd/Jcrop-ts/src/components/KeyWatcher.ts","statementMap":{"0":{"start":{"line":5,"column":0},"end":{"line":5,"column":51}},"1":{"start":{"line":17,"column":4},"end":{"line":17,"column":12}},"2":{"start":{"line":9,"column":10},"end":{"line":9,"column":35}},"3":{"start":{"line":18,"column":4},"end":{"line":18,"column":21}},"4":{"start":{"line":19,"column":4},"end":{"line":19,"column":34}},"5":{"start":{"line":22,"column":4},"end":{"line":22,"column":51}},"6":{"start":{"line":25,"column":4},"end":{"line":25,"column":18}},"7":{"start":{"line":32,"column":4},"end":{"line":32,"column":29}},"8":{"start":{"line":32,"column":22},"end":{"line":32,"column":29}},"9":{"start":{"line":34,"column":4},"end":{"line":34,"column":57}},"10":{"start":{"line":35,"column":4},"end":{"line":35,"column":24}},"11":{"start":{"line":42,"column":4},"end":{"line":42,"column":30}},"12":{"start":{"line":42,"column":23},"end":{"line":42,"column":30}},"13":{"start":{"line":44,"column":4},"end":{"line":44,"column":60}},"14":{"start":{"line":45,"column":4},"end":{"line":45,"column":25}},"15":{"start":{"line":53,"column":4},"end":{"line":53,"column":60}},"16":{"start":{"line":53,"column":53},"end":{"line":53,"column":60}},"17":{"start":{"line":56,"column":4},"end":{"line":77,"column":5}},"18":{"start":{"line":57,"column":6},"end":{"line":57,"column":25}},"19":{"start":{"line":59,"column":20},"end":{"line":59,"column":39}},"20":{"start":{"line":61,"column":6},"end":{"line":74,"column":7}},"21":{"start":{"line":63,"column":10},"end":{"line":63,"column":37}},"22":{"start":{"line":64,"column":10},"end":{"line":64,"column":16}},"23":{"start":{"line":66,"column":10},"end":{"line":66,"column":36}},"24":{"start":{"line":67,"column":10},"end":{"line":67,"column":16}},"25":{"start":{"line":69,"column":10},"end":{"line":69,"column":37}},"26":{"start":{"line":70,"column":10},"end":{"line":70,"column":16}},"27":{"start":{"line":72,"column":10},"end":{"line":72,"column":36}},"28":{"start":{"line":73,"column":10},"end":{"line":73,"column":16}},"29":{"start":{"line":76,"column":6},"end":{"line":76,"column":33}},"30":{"start":{"line":80,"column":4},"end":{"line":85,"column":5}},"31":{"start":{"line":82,"column":6},"end":{"line":82,"column":25}},"32":{"start":{"line":83,"column":6},"end":{"line":83,"column":32}},"33":{"start":{"line":84,"column":6},"end":{"line":84,"column":33}},"34":{"start":{"line":88,"column":4},"end":{"line":92,"column":5}},"35":{"start":{"line":89,"column":6},"end":{"line":89,"column":25}},"36":{"start":{"line":90,"column":6},"end":{"line":90,"column":23}},"37":{"start":{"line":91,"column":6},"end":{"line":91,"column":33}},"38":{"start":{"line":99,"column":19},"end":{"line":99,"column":41}},"39":{"start":{"line":102,"column":4},"end":{"line":102,"column":45}},"40":{"start":{"line":102,"column":33},"end":{"line":102,"column":45}},"41":{"start":{"line":105,"column":4},"end":{"line":109,"column":5}},"42":{"start":{"line":106,"column":6},"end":{"line":108,"column":7}},"43":{"start":{"line":107,"column":8},"end":{"line":107,"column":20}},"44":{"start":{"line":111,"column":4},"end":{"line":111,"column":17}},"45":{"start":{"line":118,"column":4},"end":{"line":118,"column":19}},"46":{"start":{"line":7,"column":0},"end":{"line":7,"column":13}}},"fnMap":{"0":{"name":"(anonymous_0)","decl":{"start":{"line":16,"column":2},"end":{"line":16,"column":14}},"loc":{"start":{"line":16,"column":23},"end":{"line":26,"column":3}}},"1":{"name":"(anonymous_1)","decl":{"start":{"line":31,"column":2},"end":{"line":31,"column":8}},"loc":{"start":{"line":31,"column":8},"end":{"line":36,"column":3}}},"2":{"name":"(anonymous_2)","decl":{"start":{"line":41,"column":2},"end":{"line":41,"column":9}},"loc":{"start":{"line":41,"column":9},"end":{"line":46,"column":3}}},"3":{"name":"(anonymous_3)","decl":{"start":{"line":51,"column":2},"end":{"line":51,"column":15}},"loc":{"start":{"line":51,"column":32},"end":{"line":93,"column":3}}},"4":{"name":"(anonymous_4)","decl":{"start":{"line":98,"column":2},"end":{"line":98,"column":10}},"loc":{"start":{"line":98,"column":10},"end":{"line":112,"column":3}}},"5":{"name":"(anonymous_5)","decl":{"start":{"line":117,"column":2},"end":{"line":117,"column":9}},"loc":{"start":{"line":117,"column":9},"end":{"line":119,"column":3}}}},"branchMap":{"0":{"loc":{"start":{"line":32,"column":4},"end":{"line":32,"column":29}},"type":"if","locations":[{"start":{"line":32,"column":4},"end":{"line":32,"column":29}}]},"1":{"loc":{"start":{"line":42,"column":4},"end":{"line":42,"column":30}},"type":"if","locations":[{"start":{"line":42,"column":4},"end":{"line":42,"column":30}}]},"2":{"loc":{"start":{"line":53,"column":4},"end":{"line":53,"column":60}},"type":"if","locations":[{"start":{"line":53,"column":4},"end":{"line":53,"column":60}}]},"3":{"loc":{"start":{"line":53,"column":8},"end":{"line":53,"column":51}},"type":"binary-expr","locations":[{"start":{"line":53,"column":8},"end":{"line":53,"column":31}},{"start":{"line":53,"column":35},"end":{"line":53,"column":51}}]},"4":{"loc":{"start":{"line":56,"column":4},"end":{"line":77,"column":5}},"type":"if","locations":[{"start":{"line":56,"column":4},"end":{"line":77,"column":5}}]},"5":{"loc":{"start":{"line":59,"column":20},"end":{"line":59,"column":39}},"type":"cond-expr","locations":[{"start":{"line":59,"column":33},"end":{"line":59,"column":35}},{"start":{"line":59,"column":38},"end":{"line":59,"column":39}}]},"6":{"loc":{"start":{"line":61,"column":6},"end":{"line":74,"column":7}},"type":"switch","locations":[{"start":{"line":62,"column":8},"end":{"line":64,"column":16}},{"start":{"line":65,"column":8},"end":{"line":67,"column":16}},{"start":{"line":68,"column":8},"end":{"line":70,"column":16}},{"start":{"line":71,"column":8},"end":{"line":73,"column":16}}]},"7":{"loc":{"start":{"line":80,"column":4},"end":{"line":85,"column":5}},"type":"if","locations":[{"start":{"line":80,"column":4},"end":{"line":85,"column":5}}]},"8":{"loc":{"start":{"line":80,"column":8},"end":{"line":81,"column":40}},"type":"binary-expr","locations":[{"start":{"line":80,"column":9},"end":{"line":80,"column":27}},{"start":{"line":80,"column":31},"end":{"line":80,"column":52}},{"start":{"line":81,"column":8},"end":{"line":81,"column":40}}]},"9":{"loc":{"start":{"line":88,"column":4},"end":{"line":92,"column":5}},"type":"if","locations":[{"start":{"line":88,"column":4},"end":{"line":92,"column":5}}]},"10":{"loc":{"start":{"line":102,"column":4},"end":{"line":102,"column":45}},"type":"if","locations":[{"start":{"line":102,"column":4},"end":{"line":102,"column":45}}]},"11":{"loc":{"start":{"line":106,"column":6},"end":{"line":108,"column":7}},"type":"if","locations":[{"start":{"line":106,"column":6},"end":{"line":108,"column":7}}]},"12":{"loc":{"start":{"line":106,"column":10},"end":{"line":106,"column":74}},"type":"binary-expr","locations":[{"start":{"line":106,"column":10},"end":{"line":106,"column":36}},{"start":{"line":106,"column":40},"end":{"line":106,"column":74}}]}},"s":{"0":3,"1":15,"2":15,"3":15,"4":15,"5":15,"6":15,"7":16,"8":0,"9":16,"10":16,"11":2,"12":0,"13":2,"14":2,"15":15,"16":7,"17":8,"18":6,"19":6,"20":6,"21":1,"22":1,"23":1,"24":1,"25":1,"26":1,"27":3,"28":3,"29":6,"30":8,"31":2,"32":2,"33":2,"34":8,"35":0,"36":0,"37":0,"38":3,"39":3,"40":0,"41":3,"42":3,"43":2,"44":1,"45":1,"46":3},"f":{"0":15,"1":16,"2":2,"3":15,"4":3,"5":1},"b":{"0":[0],"1":[0],"2":[7],"3":[15,9],"4":[6],"5":[2,4],"6":[1,1,1,3],"7":[2],"8":[8,6,2],"9":[0],"10":[0],"11":[2],"12":[3,1]}}
,"/Users/ivan/code/rnd/Jcrop-ts/src/components/Selection.ts": {"path":"/Users/ivan/code/rnd/Jcrop-ts/src/components/Selection.ts","statementMap":{"0":{"start":{"line":1,"column":0},"end":{"line":1,"column":51}},"1":{"start":{"line":2,"column":0},"end":{"line":2,"column":41}},"2":{"start":{"line":4,"column":0},"end":{"line":4,"column":40}},"3":{"start":{"line":5,"column":0},"end":{"line":5,"column":38}},"4":{"start":{"line":10,"column":27},"end":{"line":26,"column":2}},"5":{"start":{"line":55,"column":4},"end":{"line":55,"column":12}},"6":{"start":{"line":36,"column":9},"end":{"line":36,"column":28}},"7":{"start":{"line":58,"column":4},"end":{"line":58,"column":44}},"8":{"start":{"line":65,"column":4},"end":{"line":65,"column":21}},"9":{"start":{"line":66,"column":4},"end":{"line":66,"column":19}},"10":{"start":{"line":67,"column":4},"end":{"line":67,"column":38}},"11":{"start":{"line":68,"column":4},"end":{"line":68,"column":18}},"12":{"start":{"line":69,"column":4},"end":{"line":69,"column":34}},"13":{"start":{"line":72,"column":4},"end":{"line":78,"column":5}},"14":{"start":{"line":74,"column":6},"end":{"line":74,"column":61}},"15":{"start":{"line":77,"column":6},"end":{"line":77,"column":84}},"16":{"start":{"line":93,"column":14},"end":{"line":93,"column":31}},"17":{"start":{"line":96,"column":4},"end":{"line":96,"column":44}},"18":{"start":{"line":99,"column":4},"end":{"line":99,"column":48}},"19":{"start":{"line":102,"column":4},"end":{"line":104,"column":7}},"20":{"start":{"line":105,"column":4},"end":{"line":105,"column":44}},"21":{"start":{"line":108,"column":4},"end":{"line":112,"column":7}},"22":{"start":{"line":115,"column":4},"end":{"line":115,"column":41}},"23":{"start":{"line":116,"column":4},"end":{"line":116,"column":50}},"24":{"start":{"line":119,"column":4},"end":{"line":119,"column":26}},"25":{"start":{"line":122,"column":4},"end":{"line":132,"column":7}},"26":{"start":{"line":123,"column":6},"end":{"line":123,"column":35}},"27":{"start":{"line":125,"column":6},"end":{"line":129,"column":7}},"28":{"start":{"line":126,"column":8},"end":{"line":126,"column":60}},"29":{"start":{"line":128,"column":8},"end":{"line":128,"column":83}},"30":{"start":{"line":131,"column":6},"end":{"line":131,"column":52}},"31":{"start":{"line":134,"column":4},"end":{"line":142,"column":7}},"32":{"start":{"line":135,"column":6},"end":{"line":135,"column":55}},"33":{"start":{"line":137,"column":6},"end":{"line":141,"column":7}},"34":{"start":{"line":138,"column":8},"end":{"line":138,"column":59}},"35":{"start":{"line":140,"column":8},"end":{"line":140,"column":82}},"36":{"start":{"line":158,"column":4},"end":{"line":162,"column":5}},"37":{"start":{"line":159,"column":6},"end":{"line":161,"column":7}},"38":{"start":{"line":160,"column":9},"end":{"line":160,"column":44}},"39":{"start":{"line":164,"column":4},"end":{"line":164,"column":19}},"40":{"start":{"line":165,"column":4},"end":{"line":165,"column":16}},"41":{"start":{"line":172,"column":4},"end":{"line":172,"column":23}},"42":{"start":{"line":173,"column":4},"end":{"line":173,"column":21}},"43":{"start":{"line":174,"column":4},"end":{"line":174,"column":23}},"44":{"start":{"line":175,"column":4},"end":{"line":175,"column":39}},"45":{"start":{"line":176,"column":4},"end":{"line":176,"column":37}},"46":{"start":{"line":183,"column":4},"end":{"line":187,"column":5}},"47":{"start":{"line":183,"column":17},"end":{"line":183,"column":18}},"48":{"start":{"line":184,"column":6},"end":{"line":186,"column":7}},"49":{"start":{"line":185,"column":8},"end":{"line":185,"column":39}},"50":{"start":{"line":188,"column":4},"end":{"line":188,"column":16}},"51":{"start":{"line":195,"column":4},"end":{"line":195,"column":28}},"52":{"start":{"line":197,"column":4},"end":{"line":203,"column":5}},"53":{"start":{"line":198,"column":6},"end":{"line":198,"column":31}},"54":{"start":{"line":199,"column":6},"end":{"line":199,"column":25}},"55":{"start":{"line":201,"column":6},"end":{"line":201,"column":37}},"56":{"start":{"line":201,"column":23},"end":{"line":201,"column":37}},"57":{"start":{"line":202,"column":6},"end":{"line":202,"column":21}},"58":{"start":{"line":210,"column":4},"end":{"line":210,"column":40}},"59":{"start":{"line":217,"column":4},"end":{"line":217,"column":56}},"60":{"start":{"line":217,"column":31},"end":{"line":217,"column":54}},"61":{"start":{"line":224,"column":4},"end":{"line":226,"column":5}},"62":{"start":{"line":225,"column":6},"end":{"line":225,"column":43}},"63":{"start":{"line":225,"column":26},"end":{"line":225,"column":43}},"64":{"start":{"line":228,"column":4},"end":{"line":228,"column":21}},"65":{"start":{"line":235,"column":23},"end":{"line":235,"column":25}},"66":{"start":{"line":237,"column":4},"end":{"line":243,"column":5}},"67":{"start":{"line":238,"column":6},"end":{"line":242,"column":7}},"68":{"start":{"line":239,"column":8},"end":{"line":239,"column":45}},"69":{"start":{"line":239,"column":28},"end":{"line":239,"column":45}},"70":{"start":{"line":241,"column":8},"end":{"line":241,"column":32}},"71":{"start":{"line":245,"column":4},"end":{"line":245,"column":29}},"72":{"start":{"line":252,"column":14},"end":{"line":252,"column":28}},"73":{"start":{"line":254,"column":4},"end":{"line":256,"column":5}},"74":{"start":{"line":255,"column":6},"end":{"line":255,"column":54}},"75":{"start":{"line":258,"column":4},"end":{"line":258,"column":18}},"76":{"start":{"line":265,"column":4},"end":{"line":273,"column":5}},"77":{"start":{"line":266,"column":6},"end":{"line":266,"column":67}},"78":{"start":{"line":267,"column":6},"end":{"line":267,"column":64}},"79":{"start":{"line":268,"column":6},"end":{"line":268,"column":67}},"80":{"start":{"line":269,"column":6},"end":{"line":269,"column":65}},"81":{"start":{"line":271,"column":6},"end":{"line":271,"column":19}},"82":{"start":{"line":272,"column":6},"end":{"line":272,"column":24}},"83":{"start":{"line":280,"column":4},"end":{"line":283,"column":5}},"84":{"start":{"line":281,"column":21},"end":{"line":281,"column":44}},"85":{"start":{"line":282,"column":6},"end":{"line":282,"column":47}},"86":{"start":{"line":285,"column":4},"end":{"line":285,"column":17}},"87":{"start":{"line":288,"column":4},"end":{"line":291,"column":5}},"88":{"start":{"line":290,"column":6},"end":{"line":290,"column":19}},"89":{"start":{"line":294,"column":4},"end":{"line":294,"column":51}},"90":{"start":{"line":295,"column":4},"end":{"line":295,"column":17}},"91":{"start":{"line":302,"column":4},"end":{"line":302,"column":52}},"92":{"start":{"line":302,"column":29},"end":{"line":302,"column":52}},"93":{"start":{"line":304,"column":4},"end":{"line":304,"column":52}},"94":{"start":{"line":306,"column":4},"end":{"line":306,"column":16}},"95":{"start":{"line":313,"column":4},"end":{"line":313,"column":50}},"96":{"start":{"line":313,"column":29},"end":{"line":313,"column":50}},"97":{"start":{"line":315,"column":22},"end":{"line":315,"column":67}},"98":{"start":{"line":317,"column":4},"end":{"line":321,"column":5}},"99":{"start":{"line":318,"column":6},"end":{"line":318,"column":51}},"100":{"start":{"line":320,"column":6},"end":{"line":320,"column":48}},"101":{"start":{"line":323,"column":4},"end":{"line":323,"column":16}},"102":{"start":{"line":330,"column":4},"end":{"line":330,"column":52}},"103":{"start":{"line":330,"column":29},"end":{"line":330,"column":52}},"104":{"start":{"line":332,"column":24},"end":{"line":332,"column":73}},"105":{"start":{"line":334,"column":4},"end":{"line":338,"column":5}},"106":{"start":{"line":335,"column":6},"end":{"line":335,"column":53}},"107":{"start":{"line":337,"column":6},"end":{"line":337,"column":50}},"108":{"start":{"line":340,"column":4},"end":{"line":340,"column":16}},"109":{"start":{"line":347,"column":4},"end":{"line":351,"column":5}},"110":{"start":{"line":348,"column":6},"end":{"line":348,"column":59}},"111":{"start":{"line":350,"column":6},"end":{"line":350,"column":82}},"112":{"start":{"line":352,"column":4},"end":{"line":352,"column":33}},"113":{"start":{"line":359,"column":4},"end":{"line":359,"column":24}},"114":{"start":{"line":360,"column":4},"end":{"line":360,"column":55}},"115":{"start":{"line":361,"column":4},"end":{"line":361,"column":53}},"116":{"start":{"line":368,"column":4},"end":{"line":368,"column":23}},"117":{"start":{"line":369,"column":4},"end":{"line":369,"column":52}},"118":{"start":{"line":370,"column":4},"end":{"line":370,"column":39}},"119":{"start":{"line":371,"column":4},"end":{"line":371,"column":19}},"120":{"start":{"line":378,"column":4},"end":{"line":378,"column":32}},"121":{"start":{"line":379,"column":4},"end":{"line":379,"column":32}},"122":{"start":{"line":380,"column":4},"end":{"line":380,"column":28}},"123":{"start":{"line":381,"column":4},"end":{"line":381,"column":16}},"124":{"start":{"line":388,"column":4},"end":{"line":388,"column":55}},"125":{"start":{"line":395,"column":21},"end":{"line":395,"column":53}},"126":{"start":{"line":396,"column":4},"end":{"line":396,"column":26}},"127":{"start":{"line":398,"column":4},"end":{"line":406,"column":5}},"128":{"start":{"line":399,"column":6},"end":{"line":399,"column":88}},"129":{"start":{"line":401,"column":6},"end":{"line":405,"column":8}},"130":{"start":{"line":408,"column":4},"end":{"line":408,"column":16}},"131":{"start":{"line":415,"column":21},"end":{"line":415,"column":39}},"132":{"start":{"line":416,"column":17},"end":{"line":423,"column":6}},"133":{"start":{"line":425,"column":4},"end":{"line":425,"column":63}},"134":{"start":{"line":432,"column":14},"end":{"line":432,"column":24}},"135":{"start":{"line":433,"column":14},"end":{"line":433,"column":23}},"136":{"start":{"line":434,"column":27},"end":{"line":434,"column":50}},"137":{"start":{"line":435,"column":28},"end":{"line":435,"column":52}},"138":{"start":{"line":437,"column":16},"end":{"line":442,"column":6}},"139":{"start":{"line":444,"column":4},"end":{"line":448,"column":5}},"140":{"start":{"line":445,"column":6},"end":{"line":445,"column":26}},"141":{"start":{"line":447,"column":6},"end":{"line":447,"column":26}},"142":{"start":{"line":450,"column":4},"end":{"line":450,"column":16}},"143":{"start":{"line":457,"column":15},"end":{"line":460,"column":6}},"144":{"start":{"line":462,"column":4},"end":{"line":462,"column":14}},"145":{"start":{"line":469,"column":4},"end":{"line":472,"column":7}},"146":{"start":{"line":479,"column":4},"end":{"line":479,"column":22}},"147":{"start":{"line":480,"column":4},"end":{"line":480,"column":16}},"148":{"start":{"line":487,"column":4},"end":{"line":487,"column":33}},"149":{"start":{"line":488,"column":4},"end":{"line":488,"column":23}},"150":{"start":{"line":489,"column":4},"end":{"line":489,"column":16}},"151":{"start":{"line":496,"column":4},"end":{"line":499,"column":7}},"152":{"start":{"line":506,"column":21},"end":{"line":506,"column":54}},"153":{"start":{"line":507,"column":18},"end":{"line":507,"column":45}},"154":{"start":{"line":508,"column":19},"end":{"line":508,"column":47}},"155":{"start":{"line":510,"column":23},"end":{"line":517,"column":6}},"156":{"start":{"line":519,"column":4},"end":{"line":519,"column":16}},"157":{"start":{"line":526,"column":4},"end":{"line":528,"column":5}},"158":{"start":{"line":527,"column":6},"end":{"line":527,"column":61}},"159":{"start":{"line":530,"column":17},"end":{"line":537,"column":6}},"160":{"start":{"line":539,"column":4},"end":{"line":539,"column":22}},"161":{"start":{"line":540,"column":4},"end":{"line":540,"column":16}},"162":{"start":{"line":547,"column":14},"end":{"line":547,"column":31}},"163":{"start":{"line":550,"column":4},"end":{"line":556,"column":5}},"164":{"start":{"line":551,"column":6},"end":{"line":555,"column":7}},"165":{"start":{"line":552,"column":8},"end":{"line":554,"column":10}},"166":{"start":{"line":559,"column":4},"end":{"line":565,"column":5}},"167":{"start":{"line":560,"column":6},"end":{"line":564,"column":7}},"168":{"start":{"line":561,"column":8},"end":{"line":563,"column":10}},"169":{"start":{"line":568,"column":4},"end":{"line":574,"column":5}},"170":{"start":{"line":569,"column":6},"end":{"line":573,"column":7}},"171":{"start":{"line":570,"column":8},"end":{"line":572,"column":10}},"172":{"start":{"line":32,"column":0},"end":{"line":32,"column":13}},"173":{"start":{"line":148,"column":9},"end":{"line":148,"column":25}}},"fnMap":{"0":{"name":"(anonymous_0)","decl":{"start":{"line":54,"column":2},"end":{"line":54,"column":null}},"loc":{"start":{"line":54,"column":2},"end":{"line":59,"column":3}}},"1":{"name":"(anonymous_1)","decl":{"start":{"line":64,"column":2},"end":{"line":64,"column":6}},"loc":{"start":{"line":64,"column":16},"end":{"line":79,"column":3}}},"2":{"name":"(anonymous_2)","decl":{"start":{"line":85,"column":2},"end":{"line":85,"column":8}},"loc":{"start":{"line":85,"column":8},"end":{"line":87,"column":3}}},"3":{"name":"(anonymous_3)","decl":{"start":{"line":92,"column":2},"end":{"line":92,"column":9}},"loc":{"start":{"line":92,"column":9},"end":{"line":143,"column":3}}},"4":{"name":"(anonymous_4)","decl":{"start":{"line":122,"column":41},"end":{"line":122,"column":44}},"loc":{"start":{"line":122,"column":46},"end":{"line":132,"column":5}}},"5":{"name":"(anonymous_5)","decl":{"start":{"line":134,"column":40},"end":{"line":134,"column":43}},"loc":{"start":{"line":134,"column":45},"end":{"line":142,"column":5}}},"6":{"name":"(anonymous_6)","decl":{"start":{"line":156,"column":2},"end":{"line":156,"column":12}},"loc":{"start":{"line":156,"column":25},"end":{"line":166,"column":3}}},"7":{"name":"(anonymous_7)","decl":{"start":{"line":171,"column":2},"end":{"line":171,"column":9}},"loc":{"start":{"line":171,"column":9},"end":{"line":177,"column":3}}},"8":{"name":"(anonymous_8)","decl":{"start":{"line":182,"column":2},"end":{"line":182,"column":20}},"loc":{"start":{"line":182,"column":37},"end":{"line":189,"column":3}}},"9":{"name":"(anonymous_9)","decl":{"start":{"line":194,"column":2},"end":{"line":194,"column":11}},"loc":{"start":{"line":194,"column":23},"end":{"line":204,"column":3}}},"10":{"name":"(anonymous_10)","decl":{"start":{"line":209,"column":2},"end":{"line":209,"column":11}},"loc":{"start":{"line":209,"column":23},"end":{"line":211,"column":3}}},"11":{"name":"(anonymous_11)","decl":{"start":{"line":216,"column":2},"end":{"line":216,"column":13}},"loc":{"start":{"line":216,"column":13},"end":{"line":218,"column":3}}},"12":{"name":"(anonymous_12)","decl":{"start":{"line":217,"column":21},"end":{"line":217,"column":22}},"loc":{"start":{"line":217,"column":31},"end":{"line":217,"column":54}}},"13":{"name":"(anonymous_13)","decl":{"start":{"line":223,"column":2},"end":{"line":223,"column":14}},"loc":{"start":{"line":223,"column":14},"end":{"line":229,"column":3}}},"14":{"name":"(anonymous_14)","decl":{"start":{"line":234,"column":2},"end":{"line":234,"column":14}},"loc":{"start":{"line":234,"column":31},"end":{"line":246,"column":3}}},"15":{"name":"(anonymous_15)","decl":{"start":{"line":251,"column":2},"end":{"line":251,"column":12}},"loc":{"start":{"line":251,"column":42},"end":{"line":259,"column":3}}},"16":{"name":"(anonymous_16)","decl":{"start":{"line":264,"column":2},"end":{"line":264,"column":9}},"loc":{"start":{"line":264,"column":9},"end":{"line":274,"column":3}}},"17":{"name":"(anonymous_17)","decl":{"start":{"line":279,"column":2},"end":{"line":279,"column":11}},"loc":{"start":{"line":279,"column":58},"end":{"line":296,"column":3}}},"18":{"name":"(anonymous_18)","decl":{"start":{"line":301,"column":2},"end":{"line":301,"column":13}},"loc":{"start":{"line":301,"column":29},"end":{"line":307,"column":3}}},"19":{"name":"(anonymous_19)","decl":{"start":{"line":312,"column":2},"end":{"line":312,"column":11}},"loc":{"start":{"line":312,"column":27},"end":{"line":324,"column":3}}},"20":{"name":"(anonymous_20)","decl":{"start":{"line":329,"column":2},"end":{"line":329,"column":13}},"loc":{"start":{"line":329,"column":29},"end":{"line":341,"column":3}}},"21
[...]
,"/Users/ivan/code/rnd/Jcrop-ts/src/filters/registry.ts": {"path":"/Users/ivan/code/rnd/Jcrop-ts/src/filters/registry.ts","statementMap":{"0":{"start":{"line":9,"column":0},"end":{"line":9,"column":16}},"1":{"start":{"line":16,"column":0},"end":{"line":16,"column":16}},"2":{"start":{"line":4,"column":44},"end":{"line":4,"column":46}},"3":{"start":{"line":10,"column":2},"end":{"line":10,"column":37}},"4":{"start":{"line":17,"column":2},"end":{"line":17,"column":38}}},"fnMap":{"0":{"name":"registerFilter","decl":{"start":{"line":9,"column":16},"end":{"line":9,"column":30}},"loc":{"start":{"line":9,"column":61},"end":{"line":11,"column":1}}},"1":{"name":"getFilterConstructor","decl":{"start":{"line":16,"column":16},"end":{"line":16,"column":36}},"loc":{"start":{"line":16,"column":49},"end":{"line":18,"column":1}}}},"branchMap":{"0":{"loc":{"start":{"line":17,"column":9},"end":{"line":17,"column":37}},"type":"binary-expr","locations":[{"start":{"line":17,"column":9},"end":{"line":17,"column":29}},{"start":{"line":17,"column":33},"end":{"line":17,"column":37}}]}},"s":{"0":4,"1":4,"2":4,"3":10,"4":90},"f":{"0":10,"1":90},"b":{"0":[90,45]}}
,"/Users/ivan/code/rnd/Jcrop-ts/src/lib/DomUtil.ts": {"path":"/Users/ivan/code/rnd/Jcrop-ts/src/lib/DomUtil.ts","statementMap":{"0":{"start":{"line":13,"column":20},"end":{"line":13,"column":47}},"1":{"start":{"line":15,"column":4},"end":{"line":21,"column":7}},"2":{"start":{"line":16,"column":6},"end":{"line":20,"column":7}},"3":{"start":{"line":17,"column":8},"end":{"line":17,"column":34}},"4":{"start":{"line":19,"column":8},"end":{"line":19,"column":41}},"5":{"start":{"line":23,"column":4},"end":{"line":25,"column":5}},"6":{"start":{"line":24,"column":6},"end":{"line":24,"column":36}},"7":{"start":{"line":27,"column":4},"end":{"line":27,"column":19}},"8":{"start":{"line":34,"column":4},"end":{"line":34,"column":37}},"9":{"start":{"line":41,"column":4},"end":{"line":41,"column":40}},"10":{"start":{"line":48,"column":4},"end":{"line":48,"column":47}},"11":{"start":{"line":55,"column":4},"end":{"line":55,"column":49}},"12":{"start":{"line":62,"column":17},"end":{"line":62,"column":48}},"13":{"start":{"line":63,"column":25},"end":{"line":63,"column":62}},"14":{"start":{"line":64,"column":23},"end":{"line":64,"column":59}},"15":{"start":{"line":66,"column":4},"end":{"line":69,"column":6}},"16":{"start":{"line":76,"column":4},"end":{"line":84,"column":5}},"17":{"start":{"line":78,"column":6},"end":{"line":78,"column":43}},"18":{"start":{"line":79,"column":11},"end":{"line":84,"column":5}},"19":{"start":{"line":81,"column":6},"end":{"line":83,"column":9}},"20":{"start":{"line":82,"column":8},"end":{"line":82,"column":52}},"21":{"start":{"line":91,"column":4},"end":{"line":91,"column":31}},"22":{"start":{"line":98,"column":4},"end":{"line":98,"column":32}},"23":{"start":{"line":105,"column":4},"end":{"line":105,"column":39}},"24":{"start":{"line":106,"column":4},"end":{"line":106,"column":41}},"25":{"start":{"line":118,"column":4},"end":{"line":134,"column":5}},"26":{"start":{"line":120,"column":6},"end":{"line":120,"column":48}},"27":{"start":{"line":123,"column":6},"end":{"line":133,"column":9}},"28":{"start":{"line":124,"column":8},"end":{"line":124,"column":29}},"29":{"start":{"line":124,"column":22},"end":{"line":124,"column":29}},"30":{"start":{"line":126,"column":23},"end":{"line":126,"column":46}},"31":{"start":{"line":127,"column":8},"end":{"line":127,"column":28}},"32":{"start":{"line":127,"column":21},"end":{"line":127,"column":28}},"33":{"start":{"line":129,"column":32},"end":{"line":129,"column":56}},"34":{"start":{"line":130,"column":8},"end":{"line":132,"column":9}},"35":{"start":{"line":131,"column":10},"end":{"line":131,"column":43}},"36":{"start":{"line":145,"column":4},"end":{"line":145,"column":48}},"37":{"start":{"line":152,"column":4},"end":{"line":154,"column":5}},"38":{"start":{"line":153,"column":6},"end":{"line":153,"column":56}},"39":{"start":{"line":155,"column":4},"end":{"line":155,"column":33}},"40":{"start":{"line":156,"column":4},"end":{"line":156,"column":19}},"41":{"start":{"line":163,"column":4},"end":{"line":165,"column":5}},"42":{"start":{"line":164,"column":6},"end":{"line":164,"column":54}},"43":{"start":{"line":172,"column":4},"end":{"line":172,"column":32}},"44":{"start":{"line":179,"column":4},"end":{"line":181,"column":5}},"45":{"start":{"line":180,"column":6},"end":{"line":180,"column":46}},"46":{"start":{"line":188,"column":4},"end":{"line":188,"column":71}},"47":{"start":{"line":4,"column":0},"end":{"line":4,"column":13}}},"fnMap":{"0":{"name":"(anonymous_0)","decl":{"start":{"line":8,"column":2},"end":{"line":8,"column":8}},"loc":{"start":{"line":11,"column":20},"end":{"line":28,"column":3}}},"1":{"name":"(anonymous_1)","decl":{"start":{"line":15,"column":39},"end":{"line":15,"column":40}},"loc":{"start":{"line":15,"column":56},"end":{"line":21,"column":5}}},"2":{"name":"(anonymous_2)","decl":{"start":{"line":33,"column":2},"end":{"line":33,"column":8}},"loc":{"start":{"line":33,"column":57},"end":{"line":35,"column":3}}},"3":{"name":"(anonymous_3)","decl":{"start":{"line":40,"column":2},"end":{"line":40,"column":8}},"loc":{"start":{"line":40,"column":60},"end":{"line":42,"column":3}}},"4":{"name":"(anonymous_4)","decl":{"start":{"line":47,"column":2},"end":{"line":47,"column":8}},"loc":{"start":{"line":47,"column":77},"end":{"line":49,"column":3}}},"5":{"name":"(anonymous_5)","decl":{"start":{"line":54,"column":2},"end":{"line":54,"column":8}},"loc":{"start":{"line":54,"column":57},"end":{"line":56,"column":3}}},"6":{"name":"(anonymous_6)","decl":{"start":{"line":61,"column":2},"end":{"line":61,"column":8}},"loc":{"start":{"line":61,"column":41},"end":{"line":70,"column":3}}},"7":{"name":"(anonymous_7)","decl":{"start":{"line":75,"column":2},"end":{"line":75,"column":8}},"loc":{"start":{"line":75,"column":96},"end":{"line":85,"column":3}}},"8":{"name":"(anonymous_8)","decl":{"start":{"line":81,"column":37},"end":{"line":81,"column":38}},"loc":{"start":{"line":81,"column":54},"end":{"line":83,"column":7}}},"9":{"name":"(anonymous_9)","decl":{"start":{"line":90,"column":2},"end":{"line":90,"column":8}},"loc":{"start":{"line":90,"column":35},"end":{"line":92,"column":3}}},"10":{"name":"(anonymous_10)","decl":{"start":{"line":97,"column":2},"end":{"line":97,"column":8}},"loc":{"start":{"line":97,"column":36},"end":{"line":99,"column":3}}},"11":{"name":"(anonymous_11)","decl":{"start":{"line":104,"column":2},"end":{"line":104,"column":8}},"loc":{"start":{"line":104,"column":74},"end":{"line":107,"column":3}}},"12":{"name":"(anonymous_12)","decl":{"start":{"line":112,"column":2},"end":{"line":112,"column":8}},"loc":{"start":{"line":116,"column":27},"end":{"line":135,"column":3}}},"13":{"name":"(anonymous_13)","decl":{"start":{"line":123,"column":38},"end":{"line":123,"column":39}},"loc":{"start":{"line":123,"column":44},"end":{"line":133,"column":7}}},"14":{"name":"(anonymous_14)","decl":{"start":{"line":140,"column":2},"end":{"line":140,"column":8}},"loc":{"start":{"line":143,"column":26},"end":{"line":146,"column":3}}},"15":{"name":"(anonymous_15)","decl":{"start":{"line":151,"column":2},"end":{"line":151,"column":8}},"loc":{"start":{"line":151,"column":56},"end":{"line":157,"column":3}}},"16":{"name":"(anonymous_16)","decl":{"start":{"line":162,"column":2},"end":{"line":162,"column":8}},"loc":{"start":{"line":162,"column":57},"end":{"line":166,"column":3}}},"17":{"name":"(anonymous_17)","decl":{"start":{"line":171,"column":2},"end":{"line":171,"column":8}},"loc":{"start":{"line":171,"column":57},"end":{"line":173,"column":3}}},"18":{"name":"(anonymous_18)","decl":{"start":{"line":178,"column":2},"end":{"line":178,"column":8}},"loc":{"start":{"line":178,"column":36},"end":{"line":182,"column":3}}},"19":{"name":"(anonymous_19)","decl":{"start":{"line":187,"column":2},"end":{"line":187,"column":8}},"loc":{"start":{"line":187,"column":64},"end":{"line":189,"column":3}}}},"branchMap":{"0":{"loc":{"start":{"line":10,"column":4},"end":{"line":10,"column":43}},"type":"default-arg","locations":[{"start":{"line":10,"column":41},"end":{"line":10,"column":43}}]},"1":{"loc":{"start":{"line":16,"column":6},"end":{"line":20,"column":7}},"type":"if","locations":[{"start":{"line":16,"column":6},"end":{"line":20,"column":7}},{"start":{"line":18,"column":13},"end":{"line":20,"column":7}}]},"2":{"loc":{"start":{"line":23,"column":4},"end":{"line":25,"column":5}},"type":"if","locations":[{"start":{"line":23,"column":4},"end":{"line":25,"column":5}}]},"3":{"loc":{"start":{"line":63,"column":25},"end":{"line":63,"column":62}},"type":"binary-expr","locations":[{"start":{"line":63,"column":25},"end":{"line":63,"column":45}},{"start":{"line":63,"column":49},"end":{"line":63,"column":62}}]},"4":{"loc":{"start":{"line":76,"column":4},"end":{"line":84,"column":5}},"type":"if","locations":[{"start":{"line":76,"column":4},"end":{"line":84,"column":5}},{"start":{"line":79,"column":11},"end":{"line":84,"column":5}}]},"5":{"loc":{"start":{"line":76,"column":8},"end":{"line":76,"column":57}},"type":"binary-expr","locations":[{"start":{"line":76,"column":8},"end":{"line":76,"column":34}},{"start":{"line":76,"column":38},"end":{"line":76,"column":57}}]},"6":{"loc":{"start":{"line":79,"column":11},"end":{"line":84,"column":5}},"type":"if","locations":[{"start":{"line":79,"column":11},"end":{"line":84,"column":5}}]},"7":{"loc":{"start":{"line":118,"column":4},"end":{"line":134,"column":5}},"type":"if","locations":[{"start":{"line":118,"column":4},"end":{"line":134,"column":5}},{"start":{"line":121,"column":11},"end":{"line":134,"column":5}}]},"8":{"loc":{"start":{"line":124,"column":8},"end":{"line":124,"column":29}},"type":"if","locations":[{"start":{"line":124,"column":8},"end":{"line":124,"column":29}}]},"9":{"loc":{"start":{"line":127,"column":8},"end":{"line":127,"column":28}},"type":"if","locations":[{"start":{"line":127,"column":8},"end":{"line":127,"column":28}}]},"10":{"loc":{"start":{"line":130,"column":8},"end":{"line":132,"column":9}},"type":"if","locations":[{"start":{"line":130,"column":8},"end":{"line":132,"column":9}}]},"11":{"loc":{"start":{"line":152,"column":4},"end":{"line":154,"column":5}},"type":"if","locations":[{"start":{"line":152,"column":4},"end":{"line":154,"column":5}}]},"12":{"loc":{"start":{"line":163,"column":4},"end":{"line":165,"column":5}},"type":"if","locations":[{"start":{"line":163,"column":4},"end":{"line":165,"column":5}}]},"13":{"loc":{"start":{"line":179,"column":4},"end":{"line":181,"column":5}},"type":"if","locations":[{"start":{"line":179,"column":4},"end":{"line":181,"column":5}}]}},"s":{"0":259,"1":259,"2":458,"3":259,"4":199,"5":259,"6":1,"7":259,"8":30,"9":52,"10":0,"11":2,"12":0,"13":0,"14":0,"15":0,"16":449,"17":1,"18":448,"19":448,"20":1536,"21":1,"22":1,"23":1,"24":1,"25":0,"26":0,"27":0,"28":0,"29":0,"30":0,"31":0,"32":0,"33":0,"34":0,"35":0,"36":0,"37":1,"38":1,"39":1,"40":1,"41":1,"42":0,"43":1,"44":3,"45":2,"46":0,"47":4},"f":{"0":259,"1":458,"2":30,"3":52,"4":0,"5":2,"6":0,"7":449,"8":1536,"9":1,"10":1,"11":1,"12":0,"13":0,"14":0,"15":1,"16":1,"17":1,"18":3,"19":0},"b":{"0":[0],"1":[259,199],"2":[1],"3":[0,0],"4":[1,448],"5":[449,1],"6":[448],"7":[0,0],"8":[0],"9":[0],"10":[0],"11":[1],"12":[0],"13":[2]}}
,"/Users/ivan/code/rnd/Jcrop-ts/src/lib/EventEmitter.ts": {"path":"/Users/ivan/code/rnd/Jcrop-ts/src/lib/EventEmitter.ts","statementMap":{"0":{"start":{"line":5,"column":10},"end":{"line":5,"column":57}},"1":{"start":{"line":11,"column":4},"end":{"line":13,"column":5}},"2":{"start":{"line":12,"column":6},"end":{"line":12,"column":40}},"3":{"start":{"line":14,"column":4},"end":{"line":14,"column":42}},"4":{"start":{"line":15,"column":4},"end":{"line":15,"column":16}},"5":{"start":{"line":22,"column":4},"end":{"line":22,"column":45}},"6":{"start":{"line":22,"column":33},"end":{"line":22,"column":45}},"7":{"start":{"line":24,"column":4},"end":{"line":28,"column":5}},"8":{"start":{"line":25,"column":6},"end":{"line":25,"column":47}},"9":{"start":{"line":27,"column":6},"end":{"line":27,"column":32}},"10":{"start":{"line":29,"column":4},"end":{"line":29,"column":16}},"11":{"start":{"line":36,"column":4},"end":{"line":36,"column":45}},"12":{"start":{"line":36,"column":33},"end":{"line":36,"column":45}},"13":{"start":{"line":38,"column":4},"end":{"line":44,"column":7}},"14":{"start":{"line":39,"column":6},"end":{"line":43,"column":7}},"15":{"start":{"line":40,"column":8},"end":{"line":40,"column":26}},"16":{"start":{"line":42,"column":8},"end":{"line":42,"column":52}},"17":{"start":{"line":45,"column":4},"end":{"line":45,"column":16}},"18":{"start":{"line":4,"column":0},"end":{"line":4,"column":13}}},"fnMap":{"0":{"name":"(anonymous_0)","decl":{"start":{"line":4,"column":0},"end":{"line":4,"column":13}},"loc":{"start":{"line":4,"column":0},"end":{"line":47,"column":1}}},"1":{"name":"(anonymous_1)","decl":{"start":{"line":10,"column":2},"end":{"line":10,"column":4}},"loc":{"start":{"line":10,"column":38},"end":{"line":16,"column":3}}},"2":{"name":"(anonymous_2)","decl":{"start":{"line":21,"column":2},"end":{"line":21,"column":5}},"loc":{"start":{"line":21,"column":40},"end":{"line":30,"column":3}}},"3":{"name":"(anonymous_3)","decl":{"start":{"line":35,"column":2},"end":{"line":35,"column":6}},"loc":{"start":{"line":35,"column":36},"end":{"line":46,"column":3}}},"4":{"name":"(anonymous_4)","decl":{"start":{"line":38,"column":36},"end":{"line":38,"column":44}},"loc":{"start":{"line":38,"column":47},"end":{"line":44,"column":5}}}},"branchMap":{"0":{"loc":{"start":{"line":11,"column":4},"end":{"line":13,"column":5}},"type":"if","locations":[{"start":{"line":11,"column":4},"end":{"line":13,"column":5}}]},"1":{"loc":{"start":{"line":22,"column":4},"end":{"line":22,"column":45}},"type":"if","locations":[{"start":{"line":22,"column":4},"end":{"line":22,"column":45}}]},"2":{"loc":{"start":{"line":24,"column":4},"end":{"line":28,"column":5}},"type":"if","locations":[{"start":{"line":24,"column":4},"end":{"line":28,"column":5}},{"start":{"line":26,"column":11},"end":{"line":28,"column":5}}]},"3":{"loc":{"start":{"line":36,"column":4},"end":{"line":36,"column":45}},"type":"if","locations":[{"start":{"line":36,"column":4},"end":{"line":36,"column":45}}]}},"s":{"0":48,"1":12,"2":8,"3":12,"4":12,"5":3,"6":0,"7":3,"8":1,"9":2,"10":3,"11":47,"12":41,"13":6,"14":8,"15":8,"16":1,"17":6,"18":4},"f":{"0":48,"1":12,"2":3,"3":47,"4":8},"b":{"0":[8],"1":[0],"2":[1,2],"3":[41]}}
,"/Users/ivan/code/rnd/Jcrop-ts/tests/mock-helpers.ts": {"path":"/Users/ivan/code/rnd/Jcrop-ts/tests/mock-helpers.ts","statementMap":{"0":{"start":{"line":8,"column":0},"end":{"line":8,"column":16}},"1":{"start":{"line":38,"column":0},"end":{"line":38,"column":16}},"2":{"start":{"line":49,"column":0},"end":{"line":49,"column":16}},"3":{"start":{"line":62,"column":0},"end":{"line":62,"column":16}},"4":{"start":{"line":79,"column":0},"end":{"line":79,"column":16}},"5":{"start":{"line":10,"column":2},"end":{"line":22,"column":5}},"6":{"start":{"line":11,"column":4},"end":{"line":21,"column":6}},"7":{"start":{"line":25,"column":2},"end":{"line":25,"column":79}},"8":{"start":{"line":26,"column":2},"end":{"line":26,"column":80}},"9":{"start":{"line":29,"column":18},"end":{"line":29,"column":55}},"10":{"start":{"line":30,"column":2},"end":{"line":30,"column":74}},"11":{"start":{"line":31,"column":2},"end":{"line":31,"column":52}},"12":{"start":{"line":32,"column":2},"end":{"line":32,"column":53}},"13":{"start":{"line":39,"column":2},"end":{"line":43,"column":4}},"14":{"start":{"line":50,"column":19},"end":{"line":54,"column":4}},"15":{"start":{"line":56,"column":2},"end":{"line":56,"column":59}},"16":{"start":{"line":63,"column":18},"end":{"line":63,"column":49}},"17":{"start":{"line":65,"column":2},"end":{"line":71,"column":5}},"18":{"start":{"line":66,"column":4},"end":{"line":70,"column":5}},"19":{"start":{"line":67,"column":6},"end":{"line":67,"column":32}},"20":{"start":{"line":69,"column":6},"end":{"line":69,"column":39}},"21":{"start":{"line":73,"column":2},"end":{"line":73,"column":17}},"22":{"start":{"line":80,"column":2},"end":{"line":85,"column":5}}},"fnMap":{"0":{"name":"mockElementDimensions","decl":{"start":{"line":8,"column":16},"end":{"line":8,"column":37}},"loc":{"start":{"line":8,"column":37},"end":{"line":33,"column":1}}},"1":{"name":"(anonymous_1)","decl":{"start":{"line":10,"column":76},"end":{"line":10,"column":79}},"loc":{"start":{"line":10,"column":81},"end":{"line":22,"column":3}}},"2":{"name":"(anonymous_2)","decl":{"start":{"line":20,"column":14},"end":{"line":20,"column":17}},"loc":{"start":{"line":20,"column":19},"end":{"line":20,"column":22}}},"3":{"name":"setupTestDOM","decl":{"start":{"line":38,"column":16},"end":{"line":38,"column":28}},"loc":{"start":{"line":38,"column":28},"end":{"line":44,"column":1}}},"4":{"name":"createMockEvent","decl":{"start":{"line":49,"column":16},"end":{"line":49,"column":31}},"loc":{"start":{"line":49,"column":79},"end":{"line":57,"column":1}}},"5":{"name":"createMockElement","decl":{"start":{"line":62,"column":16},"end":{"line":62,"column":33}},"loc":{"start":{"line":62,"column":98},"end":{"line":74,"column":1}}},"6":{"name":"(anonymous_6)","decl":{"start":{"line":65,"column":37},"end":{"line":65,"column":38}},"loc":{"start":{"line":65,"column":54},"end":{"line":71,"column":3}}},"7":{"name":"createKeyboardEvent","decl":{"start":{"line":79,"column":16},"end":{"line":79,"column":35}},"loc":{"start":{"line":79,"column":89},"end":{"line":86,"column":1}}}},"branchMap":{"0":{"loc":{"start":{"line":49,"column":46},"end":{"line":49,"column":79}},"type":"default-arg","locations":[{"start":{"line":49,"column":77},"end":{"line":49,"column":79}}]},"1":{"loc":{"start":{"line":62,"column":34},"end":{"line":62,"column":57}},"type":"default-arg","locations":[{"start":{"line":62,"column":52},"end":{"line":62,"column":57}}]},"2":{"loc":{"start":{"line":62,"column":59},"end":{"line":62,"column":98}},"type":"default-arg","locations":[{"start":{"line":62,"column":96},"end":{"line":62,"column":98}}]},"3":{"loc":{"start":{"line":66,"column":4},"end":{"line":70,"column":5}},"type":"if","locations":[{"start":{"line":66,"column":4},"end":{"line":70,"column":5}},{"start":{"line":68,"column":11},"end":{"line":70,"column":5}}]},"4":{"loc":{"start":{"line":79,"column":49},"end":{"line":79,"column":89}},"type":"default-arg","locations":[{"start":{"line":79,"column":87},"end":{"line":79,"column":89}}]}},"s":{"0":3,"1":3,"2":3,"3":3,"4":3,"5":15,"6":0,"7":15,"8":15,"9":15,"10":15,"11":15,"12":15,"13":15,"14":0,"15":0,"16":0,"17":0,"18":0,"19":0,"20":0,"21":0,"22":6},"f":{"0":15,"1":0,"2":0,"3":15,"4":0,"5":0,"6":0,"7":6},"b":{"0":[0],"1":[0],"2":[0],"3":[0,0],"4":[5]}}
}
