TN:
SF:src/Jcrop.ts
FN:31,(anonymous_0)
FN:79,(anonymous_1)
FN:101,(anonymous_2)
FN:137,(anonymous_3)
FN:145,(anonymous_4)
FN:172,(anonymous_5)
FN:193,(anonymous_6)
FN:210,(anonymous_7)
FN:221,(anonymous_8)
FN:227,(anonymous_9)
FN:249,(anonymous_10)
FN:257,(anonymous_11)
FN:271,(anonymous_12)
FN:278,(anonymous_13)
FN:305,(anonymous_14)
FN:316,(anonymous_15)
FN:327,(anonymous_16)
FN:337,(anonymous_17)
FN:347,(anonymous_18)
FN:349,(anonymous_19)
FN:358,(anonymous_20)
FN:366,(anonymous_21)
FN:408,(anonymous_22)
FN:417,(anonymous_23)
FN:426,(anonymous_24)
FN:443,(anonymous_25)
FN:460,(anonymous_26)
FN:469,(anonymous_27)
FN:481,(anonymous_28)
FN:491,(anonymous_29)
FN:501,(anonymous_30)
FN:516,(anonymous_31)
FN:542,(anonymous_32)
FN:552,(anonymous_33)
FN:561,(anonymous_34)
FN:565,(anonymous_35)
FN:594,(anonymous_36)
FN:603,(anonymous_37)
FN:618,(anonymous_38)
FNF:39
FNH:19
FNDA:15,(anonymous_0)
FNDA:15,(anonymous_1)
FNDA:15,(anonymous_2)
FNDA:0,(anonymous_3)
FNDA:15,(anonymous_4)
FNDA:1,(anonymous_5)
FNDA:15,(anonymous_6)
FNDA:11,(anonymous_7)
FNDA:22,(anonymous_8)
FNDA:13,(anonymous_9)
FNDA:0,(anonymous_10)
FNDA:11,(anonymous_11)
FNDA:0,(anonymous_12)
FNDA:1,(anonymous_13)
FNDA:0,(anonymous_14)
FNDA:0,(anonymous_15)
FNDA:0,(anonymous_16)
FNDA:0,(anonymous_17)
FNDA:15,(anonymous_18)
FNDA:0,(anonymous_19)
FNDA:0,(anonymous_20)
FNDA:6,(anonymous_21)
FNDA:0,(anonymous_22)
FNDA:0,(anonymous_23)
FNDA:3,(anonymous_24)
FNDA:46,(anonymous_25)
FNDA:2,(anonymous_26)
FNDA:0,(anonymous_27)
FNDA:0,(anonymous_28)
FNDA:2,(anonymous_29)
FNDA:0,(anonymous_30)
FNDA:0,(anonymous_31)
FNDA:14,(anonymous_32)
FNDA:0,(anonymous_33)
FNDA:0,(anonymous_34)
FNDA:0,(anonymous_35)
FNDA:0,(anonymous_36)
FNDA:0,(anonymous_37)
FNDA:2,(anonymous_38)
DA:1,3
DA:2,3
DA:4,3
DA:6,3
DA:7,3
DA:8,3
DA:9,3
DA:10,3
DA:11,3
DA:16,3
DA:25,15
DA:26,15
DA:32,15
DA:35,15
DA:36,14
DA:37,14
DA:38,0
DA:40,14
DA:44,15
DA:47,15
DA:48,15
DA:51,15
DA:57,15
DA:60,15
DA:63,15
DA:66,15
DA:69,15
DA:70,0
DA:72,15
DA:81,15
DA:84,15
DA:87,15
DA:90,15
DA:91,0
DA:95,15
DA:102,15
DA:103,15
DA:105,15
DA:106,1
DA:107,1
DA:108,1
DA:109,1
DA:111,1
DA:112,0
DA:114,0
DA:115,0
DA:117,0
DA:119,0
DA:120,0
DA:124,15
DA:125,0
DA:126,0
DA:127,0
DA:129,0
DA:130,0
DA:139,0
DA:147,15
DA:150,15
DA:152,1
DA:153,1
DA:157,1
DA:160,1
DA:164,15
DA:166,15
DA:174,1
DA:175,1
DA:178,1
DA:180,1
DA:181,1
DA:182,1
DA:183,1
DA:186,0
DA:194,15
DA:196,15
DA:197,90
DA:198,90
DA:199,45
DA:200,45
DA:201,45
DA:202,45
DA:211,11
DA:213,11
DA:215,11
DA:216,66
DA:217,33
DA:221,22
DA:228,13
DA:229,13
DA:231,13
DA:232,3
DA:233,1
DA:234,1
DA:238,13
DA:239,13
DA:240,13
DA:241,13
DA:243,13
DA:250,0
DA:251,0
DA:258,11
DA:259,11
DA:262,11
DA:263,11
DA:265,11
DA:272,0
DA:279,1
DA:280,1
DA:282,1
DA:283,2
DA:284,1
DA:286,1
DA:290,1
DA:293,1
DA:294,0
DA:295,1
DA:296,0
DA:299,1
DA:306,0
DA:307,0
DA:310,0
DA:317,0
DA:318,0
DA:321,0
DA:328,0
DA:329,0
DA:331,0
DA:338,0
DA:339,0
DA:341,0
DA:349,15
DA:352,15
DA:359,0
DA:360,0
DA:367,6
DA:369,6
DA:370,6
DA:372,6
DA:373,6
DA:374,6
DA:375,6
DA:378,6
DA:379,1
DA:380,1
DA:381,5
DA:382,3
DA:383,3
DA:386,6
DA:387,1
DA:388,1
DA:389,5
DA:390,1
DA:391,1
DA:394,6
DA:395,0
DA:396,0
DA:397,0
DA:399,6
DA:400,6
DA:401,6
DA:409,0
DA:410,0
DA:418,0
DA:419,0
DA:427,3
DA:428,3
DA:430,3
DA:444,46
DA:445,46
DA:447,46
DA:461,2
DA:462,0
DA:470,0
DA:471,0
DA:472,0
DA:473,0
DA:482,0
DA:483,0
DA:485,0
DA:492,2
DA:493,2
DA:495,2
DA:503,0
DA:505,0
DA:506,0
DA:509,0
DA:512,0
DA:513,0
DA:515,0
DA:516,0
DA:519,0
DA:522,0
DA:525,0
DA:526,0
DA:528,0
DA:534,0
DA:536,0
DA:543,14
DA:553,0
DA:554,0
DA:555,0
DA:562,0
DA:563,0
DA:565,0
DA:566,0
DA:568,0
DA:569,0
DA:570,0
DA:572,0
DA:573,0
DA:575,0
DA:576,0
DA:578,0
DA:583,0
DA:584,0
DA:588,0
DA:595,0
DA:596,0
DA:604,0
DA:605,0
DA:607,0
DA:608,0
DA:609,0
DA:612,0
DA:619,2
DA:620,0
DA:623,2
LF:226
LH:134
BRDA:31,0,0,0
BRDA:35,1,0,14
BRDA:37,2,0,0
BRDA:48,3,0,15
BRDA:48,3,1,0
BRDA:69,4,0,0
BRDA:69,4,1,15
BRDA:90,5,0,0
BRDA:105,6,0,1
BRDA:106,7,0,1
BRDA:106,7,1,1
BRDA:107,8,0,1
BRDA:107,8,1,1
BRDA:108,9,0,1
BRDA:108,9,1,1
BRDA:109,10,0,1
BRDA:109,10,1,1
BRDA:111,11,0,0
BRDA:111,12,0,1
BRDA:111,12,1,1
BRDA:124,13,0,0
BRDA:150,14,0,1
BRDA:152,15,0,1
BRDA:174,16,0,1
BRDA:178,17,0,1
BRDA:178,17,1,0
BRDA:194,18,0,0
BRDA:198,19,0,45
BRDA:201,20,0,45
BRDA:211,21,0,0
BRDA:216,22,0,33
BRDA:232,23,0,1
BRDA:250,24,0,0
BRDA:258,25,0,11
BRDA:283,26,0,1
BRDA:283,26,1,1
BRDA:293,27,0,0
BRDA:293,27,1,1
BRDA:293,28,0,1
BRDA:293,28,1,1
BRDA:295,29,0,0
BRDA:328,30,0,0
BRDA:338,31,0,0
BRDA:367,32,0,0
BRDA:378,33,0,1
BRDA:378,33,1,5
BRDA:381,34,0,3
BRDA:386,35,0,1
BRDA:386,35,1,5
BRDA:389,36,0,1
BRDA:394,37,0,0
BRDA:394,37,1,6
BRDA:427,38,0,3
BRDA:427,38,1,0
BRDA:428,39,0,3
BRDA:428,39,1,0
BRDA:444,40,0,46
BRDA:444,40,1,0
BRDA:445,41,0,46
BRDA:445,41,1,0
BRDA:461,42,0,0
BRDA:461,43,0,2
BRDA:461,43,1,0
BRDA:461,43,2,0
BRDA:470,44,0,0
BRDA:472,45,0,0
BRDA:472,46,0,0
BRDA:472,46,1,0
BRDA:482,47,0,0
BRDA:492,48,0,2
BRDA:492,49,0,2
BRDA:492,49,1,2
BRDA:503,50,0,0
BRDA:506,51,0,0
BRDA:509,52,0,0
BRDA:509,53,0,0
BRDA:509,53,1,0
BRDA:513,54,0,0
BRDA:513,54,1,0
BRDA:515,55,0,0
BRDA:516,56,0,0
BRDA:516,56,1,0
BRDA:519,57,0,0
BRDA:522,58,0,0
BRDA:522,58,1,0
BRDA:525,59,0,0
BRDA:525,59,1,0
BRDA:563,60,0,0
BRDA:575,61,0,0
BRDA:575,61,1,0
BRDA:583,62,0,0
BRDA:595,63,0,0
BRDA:607,64,0,0
BRDA:619,65,0,0
BRF:94
BRH:43
end_of_record
TN:
SF:src/defaults.ts
FNF:0
FNH:0
DA:6,3
LF:1
LH:1
BRF:0
BRH:0
end_of_record
TN:
SF:src/index.ts
FN:19,create
FN:24,(anonymous_1)
FNF:2
FNH:1
FNDA:14,create
FNDA:0,(anonymous_1)
DA:9,3
DA:10,3
DA:11,3
DA:14,3
DA:15,3
DA:16,3
DA:20,14
DA:24,3
DA:25,0
DA:29,3
DA:32,3
DA:35,3
LF:12
LH:11
BRDA:19,0,0,10
BRDA:24,1,0,0
BRF:2
BRH:1
end_of_record
TN:
SF:src/components/Animator.ts
FN:11,(anonymous_0)
FN:19,(anonymous_1)
FN:45,(anonymous_2)
FNF:3
FNH:0
FNDA:0,(anonymous_0)
FNDA:0,(anonymous_1)
FNDA:0,(anonymous_2)
DA:4,3
DA:12,0
DA:13,0
DA:20,0
DA:22,0
DA:31,0
DA:32,0
DA:34,0
DA:38,0
DA:41,0
DA:42,0
DA:45,0
DA:47,0
DA:48,0
DA:51,0
DA:52,0
DA:53,0
DA:54,0
DA:57,0
DA:67,0
DA:68,0
DA:69,0
DA:70,0
DA:75,0
LF:24
LH:1
BRDA:20,0,0,0
BRDA:31,1,0,0
BRDA:41,2,0,0
BRDA:41,2,1,0
BRDA:67,3,0,0
BRDA:67,3,1,0
BRDA:69,4,0,0
BRF:7
BRH:0
end_of_record
TN:
SF:src/components/DragState.ts
FN:23,(anonymous_0)
FN:48,(anonymous_1)
FN:80,(anonymous_2)
FN:81,(anonymous_3)
FN:96,(anonymous_4)
FN:97,(anonymous_5)
FN:106,(anonymous_6)
FNF:7
FNH:0
FNDA:0,(anonymous_0)
FNDA:0,(anonymous_1)
FNDA:0,(anonymous_2)
FNDA:0,(anonymous_3)
FNDA:0,(anonymous_4)
FNDA:0,(anonymous_5)
FNDA:0,(anonymous_6)
DA:6,3
DA:12,0
DA:13,0
DA:14,0
DA:15,0
DA:24,0
DA:25,0
DA:27,0
DA:28,0
DA:30,0
DA:31,0
DA:32,0
DA:33,0
DA:35,0
DA:36,0
DA:39,0
DA:40,0
DA:41,0
DA:42,0
DA:51,0
DA:53,0
DA:54,0
DA:55,0
DA:58,0
DA:62,0
DA:63,0
DA:67,0
DA:68,0
DA:69,0
DA:71,0
DA:81,0
DA:82,0
DA:84,0
DA:85,0
DA:86,0
DA:89,0
DA:97,0
DA:98,0
DA:99,0
DA:107,0
DA:108,0
DA:109,0
DA:112,0
DA:115,0
DA:117,0
DA:118,0
DA:119,0
DA:120,0
DA:121,0
DA:124,0
DA:125,0
DA:126,0
DA:129,0
DA:130,0
DA:133,0
DA:134,0
DA:137,0
DA:138,0
DA:139,0
DA:142,0
DA:143,0
DA:144,0
DA:145,0
DA:146,0
DA:149,0
DA:150,0
DA:151,0
DA:152,0
DA:155,0
DA:156,0
DA:157,0
DA:158,0
DA:161,0
DA:162,0
DA:163,0
DA:167,0
DA:168,0
DA:171,0
DA:177,0
LF:79
LH:1
BRDA:51,0,0,0
BRDA:51,0,1,0
BRDA:53,1,0,0
BRDA:53,1,1,0
BRDA:68,2,0,0
BRDA:68,2,1,0
BRDA:69,3,0,0
BRDA:69,3,1,0
BRDA:115,4,0,0
BRDA:115,4,1,0
BRDA:115,4,2,0
BRDA:115,4,3,0
BRDA:115,4,4,0
BRDA:115,4,5,0
BRDA:115,4,6,0
BRDA:115,4,7,0
BRDA:115,4,8,0
BRF:17
BRH:0
end_of_record
TN:
SF:src/components/ImageLoader.ts
FN:8,(anonymous_0)
FN:11,(anonymous_1)
FN:23,(anonymous_2)
FN:29,(anonymous_3)
FNF:4
FNH:0
FNDA:0,(anonymous_0)
FNDA:0,(anonymous_1)
FNDA:0,(anonymous_2)
FNDA:0,(anonymous_3)
DA:4,3
DA:9,0
DA:11,0
DA:12,0
DA:13,0
DA:14,0
DA:17,0
DA:24,0
DA:26,0
DA:29,0
DA:30,0
LF:11
LH:1
BRDA:24,0,0,0
BRDA:24,0,1,0
BRF:2
BRH:0
end_of_record
TN:
SF:src/components/KeyWatcher.ts
FN:16,(anonymous_0)
FN:31,(anonymous_1)
FN:41,(anonymous_2)
FN:51,(anonymous_3)
FN:98,(anonymous_4)
FN:117,(anonymous_5)
FNF:6
FNH:6
FNDA:15,(anonymous_0)
FNDA:16,(anonymous_1)
FNDA:2,(anonymous_2)
FNDA:15,(anonymous_3)
FNDA:3,(anonymous_4)
FNDA:1,(anonymous_5)
DA:5,3
DA:7,3
DA:9,15
DA:17,15
DA:18,15
DA:19,15
DA:22,15
DA:25,15
DA:32,16
DA:34,16
DA:35,16
DA:42,2
DA:44,2
DA:45,2
DA:53,15
DA:56,8
DA:57,6
DA:59,6
DA:61,6
DA:63,1
DA:64,1
DA:66,1
DA:67,1
DA:69,1
DA:70,1
DA:72,3
DA:73,3
DA:76,6
DA:80,8
DA:82,2
DA:83,2
DA:84,2
DA:88,8
DA:89,0
DA:90,0
DA:91,0
DA:99,3
DA:102,3
DA:105,3
DA:106,3
DA:107,2
DA:111,1
DA:118,1
LF:43
LH:40
BRDA:32,0,0,0
BRDA:42,1,0,0
BRDA:53,2,0,7
BRDA:53,3,0,15
BRDA:53,3,1,9
BRDA:56,4,0,6
BRDA:59,5,0,2
BRDA:59,5,1,4
BRDA:61,6,0,1
BRDA:61,6,1,1
BRDA:61,6,2,1
BRDA:61,6,3,3
BRDA:80,7,0,2
BRDA:80,8,0,8
BRDA:80,8,1,6
BRDA:80,8,2,2
BRDA:88,9,0,0
BRDA:102,10,0,0
BRDA:106,11,0,2
BRDA:106,12,0,3
BRDA:106,12,1,1
BRF:21
BRH:17
end_of_record
TN:
SF:src/components/Selection.ts
FN:54,(anonymous_0)
FN:64,(anonymous_1)
FN:85,(anonymous_2)
FN:92,(anonymous_3)
FN:122,(anonymous_4)
FN:134,(anonymous_5)
FN:156,(anonymous_6)
FN:171,(anonymous_7)
FN:182,(anonymous_8)
FN:194,(anonymous_9)
FN:209,(anonymous_10)
FN:216,(anonymous_11)
FN:217,(anonymous_12)
FN:223,(anonymous_13)
FN:234,(anonymous_14)
FN:251,(anonymous_15)
FN:264,(anonymous_16)
FN:279,(anonymous_17)
FN:301,(anonymous_18)
FN:312,(anonymous_19)
FN:329,(anonymous_20)
FN:346,(anonymous_21)
FN:358,(anonymous_22)
FN:367,(anonymous_23)
FN:377,(anonymous_24)
FN:387,(anonymous_25)
FN:394,(anonymous_26)
FN:414,(anonymous_27)
FN:431,(anonymous_28)
FN:456,(anonymous_29)
FN:468,(anonymous_30)
FN:478,(anonymous_31)
FN:486,(anonymous_32)
FN:495,(anonymous_33)
FN:505,(anonymous_34)
FN:525,(anonymous_35)
FN:546,(anonymous_36)
FNF:37
FNH:26
FNDA:11,(anonymous_0)
FNDA:11,(anonymous_1)
FNDA:11,(anonymous_2)
FNDA:11,(anonymous_3)
FNDA:1,(anonymous_4)
FNDA:1,(anonymous_5)
FNDA:11,(anonymous_6)
FNDA:24,(anonymous_7)
FNDA:37,(anonymous_8)
FNDA:0,(anonymous_9)
FNDA:0,(anonymous_10)
FNDA:0,(anonymous_11)
FNDA:0,(anonymous_12)
FNDA:0,(anonymous_13)
FNDA:0,(anonymous_14)
FNDA:33,(anonymous_15)
FNDA:0,(anonymous_16)
FNDA:0,(anonymous_17)
FNDA:24,(anonymous_18)
FNDA:24,(anonymous_19)
FNDA:24,(anonymous_20)
FNDA:1,(anonymous_21)
FNDA:1,(anonymous_22)
FNDA:13,(anonymous_23)
FNDA:33,(anonymous_24)
FNDA:2,(anonymous_25)
FNDA:33,(anonymous_26)
FNDA:0,(anonymous_27)
FNDA:0,(anonymous_28)
FNDA:176,(anonymous_29)
FNDA:33,(anonymous_30)
FNDA:1,(anonymous_31)
FNDA:1,(anonymous_32)
FNDA:34,(anonymous_33)
FNDA:69,(anonymous_34)
FNDA:0,(anonymous_35)
FNDA:11,(anonymous_36)
DA:1,3
DA:2,3
DA:4,3
DA:5,3
DA:10,3
DA:32,3
DA:36,11
DA:55,11
DA:58,11
DA:65,11
DA:66,11
DA:67,11
DA:68,11
DA:69,11
DA:72,11
DA:74,0
DA:77,11
DA:93,11
DA:96,11
DA:99,11
DA:102,11
DA:105,11
DA:108,11
DA:115,11
DA:116,11
DA:119,11
DA:122,11
DA:123,1
DA:125,1
DA:126,0
DA:128,1
DA:131,1
DA:134,11
DA:135,1
DA:137,1
DA:138,0
DA:140,1
DA:148,3
DA:158,11
DA:159,88
DA:160,56
DA:164,11
DA:165,11
DA:172,24
DA:173,24
DA:174,24
DA:175,24
DA:176,24
DA:183,37
DA:184,111
DA:185,37
DA:188,37
DA:195,0
DA:197,0
DA:198,0
DA:199,0
DA:201,0
DA:202,0
DA:210,0
DA:217,0
DA:224,0
DA:225,0
DA:228,0
DA:235,0
DA:237,0
DA:238,0
DA:239,0
DA:241,0
DA:245,0
DA:252,33
DA:254,33
DA:255,99
DA:258,33
DA:265,0
DA:266,0
DA:267,0
DA:268,0
DA:269,0
DA:271,0
DA:272,0
DA:280,0
DA:281,0
DA:282,0
DA:285,0
DA:288,0
DA:290,0
DA:294,0
DA:295,0
DA:302,24
DA:304,24
DA:306,24
DA:313,24
DA:315,24
DA:317,24
DA:318,24
DA:320,0
DA:323,24
DA:330,24
DA:332,24
DA:334,24
DA:335,24
DA:337,0
DA:340,24
DA:347,1
DA:348,0
DA:350,1
DA:352,1
DA:359,1
DA:360,1
DA:361,1
DA:368,13
DA:369,13
DA:370,13
DA:371,13
DA:378,33
DA:379,33
DA:380,33
DA:381,33
DA:388,2
DA:395,33
DA:396,33
DA:398,33
DA:399,0
DA:401,33
DA:408,33
DA:415,0
DA:416,0
DA:425,0
DA:432,0
DA:433,0
DA:434,0
DA:435,0
DA:437,0
DA:444,0
DA:445,0
DA:447,0
DA:450,0
DA:457,176
DA:462,176
DA:469,33
DA:479,1
DA:480,1
DA:487,1
DA:488,1
DA:489,1
DA:496,34
DA:506,69
DA:507,69
DA:508,69
DA:510,69
DA:519,69
DA:526,0
DA:527,0
DA:530,0
DA:539,0
DA:540,0
DA:547,11
DA:550,11
DA:551,11
DA:552,44
DA:559,11
DA:560,11
DA:561,88
DA:568,11
DA:569,11
DA:570,44
LF:166
LH:110
BRDA:72,0,0,0
BRDA:72,0,1,11
BRDA:103,1,0,11
BRDA:103,1,1,0
BRDA:109,2,0,11
BRDA:109,2,1,0
BRDA:125,3,0,0
BRDA:125,3,1,1
BRDA:137,4,0,0
BRDA:137,4,1,1
BRDA:159,5,0,56
BRDA:184,6,0,37
BRDA:197,7,0,0
BRDA:201,8,0,0
BRDA:225,9,0,0
BRDA:238,10,0,0
BRDA:238,10,1,0
BRDA:238,11,0,0
BRDA:238,11,1,0
BRDA:238,11,2,0
BRDA:239,12,0,0
BRDA:265,13,0,0
BRDA:280,14,0,0
BRDA:282,15,0,0
BRDA:282,15,1,0
BRDA:288,16,0,0
BRDA:288,17,0,0
BRDA:288,17,1,0
BRDA:289,18,0,0
BRDA:289,18,1,0
BRDA:302,19,0,24
BRDA:304,20,0,24
BRDA:304,20,1,24
BRDA:313,21,0,24
BRDA:315,22,0,24
BRDA:315,22,1,0
BRDA:317,23,0,24
BRDA:317,23,1,0
BRDA:317,24,0,24
BRDA:317,24,1,24
BRDA:330,25,0,24
BRDA:332,26,0,24
BRDA:332,26,1,0
BRDA:334,27,0,24
BRDA:334,27,1,0
BRDA:334,28,0,24
BRDA:334,28,1,24
BRDA:347,29,0,0
BRDA:347,29,1,1
BRDA:398,30,0,0
BRDA:398,30,1,33
BRDA:431,31,0,0
BRDA:444,32,0,0
BRDA:444,32,1,0
BRDA:526,33,0,0
BRDA:550,34,0,11
BRDA:553,35,0,44
BRDA:553,35,1,0
BRDA:559,36,0,11
BRDA:562,37,0,88
BRDA:562,37,1,0
BRDA:568,38,0,11
BRDA:571,39,0,44
BRDA:571,39,1,0
BRF:64
BRH:28
end_of_record
TN:
SF:src/components/StageManager.ts
FN:15,(anonymous_0)
FN:23,(anonymous_1)
FN:31,(anonymous_2)
FN:66,(anonymous_3)
FN:108,(anonymous_4)
FN:122,(anonymous_5)
FN:136,(anonymous_6)
FN:144,(anonymous_7)
FN:152,(anonymous_8)
FNF:9
FNH:6
FNDA:15,(anonymous_0)
FNDA:15,(anonymous_1)
FNDA:15,(anonymous_2)
FNDA:70,(anonymous_3)
FNDA:37,(anonymous_4)
FNDA:0,(anonymous_5)
FNDA:0,(anonymous_6)
FNDA:0,(anonymous_7)
FNDA:70,(anonymous_8)
DA:1,3
DA:6,3
DA:8,15
DA:9,15
DA:10,15
DA:16,15
DA:17,15
DA:24,15
DA:25,15
DA:32,15
DA:35,15
DA:43,15
DA:44,60
DA:47,15
DA:50,15
DA:51,15
DA:53,15
DA:54,60
DA:67,70
DA:69,70
DA:70,70
DA:73,70
DA:81,70
DA:89,70
DA:97,70
DA:109,37
DA:112,10
DA:113,40
DA:116,10
DA:123,0
DA:126,0
DA:127,0
DA:130,0
DA:137,0
DA:138,0
DA:145,0
DA:146,0
DA:153,70
LF:38
LH:30
BRDA:32,0,0,15
BRDA:32,0,1,0
BRDA:50,1,0,15
BRDA:50,1,1,0
BRDA:51,2,0,15
BRDA:51,2,1,0
BRDA:67,3,0,0
BRDA:109,4,0,27
BRDA:123,5,0,0
BRF:9
BRH:4
end_of_record
TN:
SF:src/components/Touch.ts
FN:10,(anonymous_0)
FN:18,(anonymous_1)
FN:23,(anonymous_2)
FN:28,(anonymous_3)
FN:40,(anonymous_4)
FNF:5
FNH:0
FNDA:0,(anonymous_0)
FNDA:0,(anonymous_1)
FNDA:0,(anonymous_2)
FNDA:0,(anonymous_3)
FNDA:0,(anonymous_4)
DA:4,3
DA:11,0
DA:12,0
DA:20,0
DA:23,0
DA:24,0
DA:28,0
DA:29,0
DA:30,0
DA:34,0
DA:42,0
DA:46,0
DA:48,0
DA:49,0
DA:52,0
DA:53,0
DA:56,0
DA:59,0
DA:60,0
LF:19
LH:1
BRDA:42,0,0,0
BRDA:42,1,0,0
BRDA:42,1,1,0
BRDA:43,2,0,0
BRDA:43,2,1,0
BRDA:46,3,0,0
BRF:6
BRH:0
end_of_record
TN:
SF:src/filters/ConstrainFilter.ts
FN:7,(anonymous_0)
FN:15,(anonymous_1)
FN:22,(anonymous_2)
FNF:3
FNH:3
FNDA:15,(anonymous_0)
FNDA:15,(anonymous_1)
FNDA:33,(anonymous_2)
DA:2,3
DA:7,3
DA:8,15
DA:10,15
DA:23,33
DA:24,33
DA:27,33
DA:30,33
DA:31,33
DA:32,33
DA:33,33
DA:36,33
DA:37,33
DA:39,33
DA:44,3
LF:15
LH:15
BRDA:30,0,0,0
BRDA:31,1,0,0
BRDA:32,2,0,0
BRDA:33,3,0,0
BRF:4
BRH:0
end_of_record
TN:
SF:src/filters/RatioFilter.ts
FN:7,(anonymous_0)
FN:15,(anonymous_1)
FN:22,(anonymous_2)
FNF:3
FNH:3
FNDA:18,(anonymous_0)
FNDA:15,(anonymous_1)
FNDA:36,(anonymous_2)
DA:2,4
DA:7,4
DA:8,18
DA:10,18
DA:24,36
DA:27,5
DA:30,5
DA:33,5
DA:34,5
DA:37,5
DA:39,1
DA:40,4
DA:42,1
DA:45,3
DA:47,0
DA:50,3
DA:57,5
DA:59,0
DA:62,5
DA:64,0
DA:68,5
DA:69,5
DA:70,5
DA:71,5
DA:73,5
DA:78,4
LF:26
LH:23
BRDA:24,0,0,31
BRDA:37,1,0,1
BRDA:37,1,1,4
BRDA:37,2,0,5
BRDA:37,2,1,5
BRDA:40,3,0,1
BRDA:40,3,1,3
BRDA:40,4,0,4
BRDA:40,4,1,3
BRDA:45,5,0,0
BRDA:45,5,1,3
BRDA:57,6,0,0
BRDA:57,7,0,5
BRDA:57,7,1,5
BRDA:57,7,2,5
BRDA:62,8,0,0
BRDA:62,9,0,5
BRDA:62,9,1,5
BRDA:62,9,2,5
BRF:19
BRH:16
end_of_record
TN:
SF:src/filters/ShadeFilter.ts
FN:7,(anonymous_0)
FN:15,(anonymous_1)
FN:22,(anonymous_2)
FN:34,(anonymous_3)
FNF:4
FNH:4
FNDA:15,(anonymous_0)
FNDA:15,(anonymous_1)
FNDA:33,(anonymous_2)
FNDA:37,(anonymous_3)
DA:2,3
DA:7,3
DA:8,15
DA:10,15
DA:24,33
DA:25,33
DA:28,33
DA:35,37
DA:37,37
DA:40,37
DA:46,3
LF:11
LH:11
BRDA:24,0,0,33
BRDA:35,1,0,37
BRDA:35,2,0,37
BRDA:35,2,1,37
BRF:4
BRH:4
end_of_record
TN:
SF:src/filters/registry.ts
FN:9,registerFilter
FN:16,getFilterConstructor
FNF:2
FNH:2
FNDA:10,registerFilter
FNDA:90,getFilterConstructor
DA:4,4
DA:9,4
DA:10,10
DA:16,4
DA:17,90
LF:5
LH:5
BRDA:17,0,0,90
BRDA:17,0,1,45
BRF:2
BRH:2
end_of_record
TN:
SF:src/lib/DomUtil.ts
FN:8,(anonymous_0)
FN:15,(anonymous_1)
FN:33,(anonymous_2)
FN:40,(anonymous_3)
FN:47,(anonymous_4)
FN:54,(anonymous_5)
FN:61,(anonymous_6)
FN:75,(anonymous_7)
FN:81,(anonymous_8)
FN:90,(anonymous_9)
FN:97,(anonymous_10)
FN:104,(anonymous_11)
FN:112,(anonymous_12)
FN:123,(anonymous_13)
FN:140,(anonymous_14)
FN:151,(anonymous_15)
FN:162,(anonymous_16)
FN:171,(anonymous_17)
FN:178,(anonymous_18)
FN:187,(anonymous_19)
FNF:20
FNH:14
FNDA:259,(anonymous_0)
FNDA:458,(anonymous_1)
FNDA:30,(anonymous_2)
FNDA:52,(anonymous_3)
FNDA:0,(anonymous_4)
FNDA:2,(anonymous_5)
FNDA:0,(anonymous_6)
FNDA:449,(anonymous_7)
FNDA:1536,(anonymous_8)
FNDA:1,(anonymous_9)
FNDA:1,(anonymous_10)
FNDA:1,(anonymous_11)
FNDA:0,(anonymous_12)
FNDA:0,(anonymous_13)
FNDA:0,(anonymous_14)
FNDA:1,(anonymous_15)
FNDA:1,(anonymous_16)
FNDA:1,(anonymous_17)
FNDA:3,(anonymous_18)
FNDA:0,(anonymous_19)
DA:4,4
DA:13,259
DA:15,259
DA:16,458
DA:17,259
DA:19,199
DA:23,259
DA:24,1
DA:27,259
DA:34,30
DA:41,52
DA:48,0
DA:55,2
DA:62,0
DA:63,0
DA:64,0
DA:66,0
DA:76,449
DA:78,1
DA:79,448
DA:81,448
DA:82,1536
DA:91,1
DA:98,1
DA:105,1
DA:106,1
DA:118,0
DA:120,0
DA:123,0
DA:124,0
DA:126,0
DA:127,0
DA:129,0
DA:130,0
DA:131,0
DA:145,0
DA:152,1
DA:153,1
DA:155,1
DA:156,1
DA:163,1
DA:164,0
DA:172,1
DA:179,3
DA:180,2
DA:188,0
LF:46
LH:29
BRDA:10,0,0,0
BRDA:16,1,0,259
BRDA:16,1,1,199
BRDA:23,2,0,1
BRDA:63,3,0,0
BRDA:63,3,1,0
BRDA:76,4,0,1
BRDA:76,4,1,448
BRDA:76,5,0,449
BRDA:76,5,1,1
BRDA:79,6,0,448
BRDA:118,7,0,0
BRDA:118,7,1,0
BRDA:124,8,0,0
BRDA:127,9,0,0
BRDA:130,10,0,0
BRDA:152,11,0,1
BRDA:163,12,0,0
BRDA:179,13,0,2
BRF:19
BRH:10
end_of_record
TN:
SF:src/lib/EventEmitter.ts
FN:4,(anonymous_0)
FN:10,(anonymous_1)
FN:21,(anonymous_2)
FN:35,(anonymous_3)
FN:38,(anonymous_4)
FNF:5
FNH:5
FNDA:48,(anonymous_0)
FNDA:12,(anonymous_1)
FNDA:3,(anonymous_2)
FNDA:47,(anonymous_3)
FNDA:8,(anonymous_4)
DA:4,4
DA:5,48
DA:11,12
DA:12,8
DA:14,12
DA:15,12
DA:22,3
DA:24,3
DA:25,1
DA:27,2
DA:29,3
DA:36,47
DA:38,6
DA:39,8
DA:40,8
DA:42,1
DA:45,6
LF:17
LH:17
BRDA:11,0,0,8
BRDA:22,1,0,0
BRDA:24,2,0,1
BRDA:24,2,1,2
BRDA:36,3,0,41
BRF:5
BRH:4
end_of_record
TN:
SF:tests/mock-helpers.ts
FN:8,mockElementDimensions
FN:10,(anonymous_1)
FN:20,(anonymous_2)
FN:38,setupTestDOM
FN:49,createMockEvent
FN:62,createMockElement
FN:65,(anonymous_6)
FN:79,createKeyboardEvent
FNF:8
FNH:3
FNDA:15,mockElementDimensions
FNDA:0,(anonymous_1)
FNDA:0,(anonymous_2)
FNDA:15,setupTestDOM
FNDA:0,createMockEvent
FNDA:0,createMockElement
FNDA:0,(anonymous_6)
FNDA:6,createKeyboardEvent
DA:8,3
DA:10,15
DA:11,0
DA:25,15
DA:26,15
DA:29,15
DA:30,15
DA:31,15
DA:32,15
DA:38,3
DA:39,15
DA:49,3
DA:50,0
DA:56,0
DA:62,3
DA:63,0
DA:65,0
DA:66,0
DA:67,0
DA:69,0
DA:73,0
DA:79,3
DA:80,6
LF:23
LH:14
BRDA:49,0,0,0
BRDA:62,1,0,0
BRDA:62,2,0,0
BRDA:66,3,0,0
BRDA:66,3,1,0
BRDA:79,4,0,5
BRF:6
BRH:1
end_of_record
